2020-05-04 19:01:33,666 P2776 [INFO] ************************************************************
2020-05-04 19:01:33,666 P2776 [INFO] ConfigSet _OnInstanceBoot
2020-05-04 19:01:33,670 P2776 [INFO] ++++++++++++++++++++++++++++++++++++++++++++++++++++++++++++
2020-05-04 19:01:33,671 P2776 [INFO] Config AWSEBBaseConfig
2020-05-04 19:01:33,672 P2776 [INFO] ============================================================
2020-05-04 19:01:33,672 P2776 [INFO] Command clearbackupfiles
2020-05-04 19:01:33,675 P2776 [INFO] Completed successfully.
2020-05-04 19:01:33,682 P2776 [INFO] ++++++++++++++++++++++++++++++++++++++++++++++++++++++++++++
2020-05-04 19:01:33,682 P2776 [INFO] Config AWSEBMessageOfTheDay
2020-05-04 19:01:33,683 P2776 [INFO] ============================================================
2020-05-04 19:01:33,683 P2776 [INFO] Command 01clearoriginal
2020-05-04 19:01:33,686 P2776 [INFO] Completed successfully.
2020-05-04 19:01:33,686 P2776 [INFO] ============================================================
2020-05-04 19:01:33,686 P2776 [INFO] Command 02createbanner
2020-05-04 19:01:33,690 P2776 [INFO] Completed successfully.
2020-05-04 19:01:33,690 P2776 [INFO] ============================================================
2020-05-04 19:01:33,690 P2776 [INFO] Command 03updatebanner
2020-05-04 19:01:33,702 P2776 [INFO] Completed successfully.
2020-05-04 19:01:33,710 P2776 [INFO] ++++++++++++++++++++++++++++++++++++++++++++++++++++++++++++
2020-05-04 19:01:33,710 P2776 [INFO] Config AWSEBULimitConfig
2020-05-04 19:01:33,710 P2776 [INFO] ============================================================
2020-05-04 19:01:33,710 P2776 [INFO] Command 00removebackup
2020-05-04 19:01:33,713 P2776 [INFO] Completed successfully.
2020-05-04 19:01:33,719 P2776 [INFO] ++++++++++++++++++++++++++++++++++++++++++++++++++++++++++++
2020-05-04 19:01:33,719 P2776 [INFO] Config AWSEBCfnHupEndpointOverride
2020-05-04 19:01:33,720 P2776 [INFO] ============================================================
2020-05-04 19:01:33,720 P2776 [INFO] Command clearbackupfiles
2020-05-04 19:01:33,723 P2776 [INFO] Completed successfully.
2020-05-04 19:01:33,729 P2776 [INFO] ++++++++++++++++++++++++++++++++++++++++++++++++++++++++++++
2020-05-04 19:01:33,729 P2776 [INFO] Config Infra-InstallContainerHooksPkg
2020-05-04 19:01:33,729 P2776 [INFO] ============================================================
2020-05-04 19:01:33,729 P2776 [INFO] Command 00mkdir
2020-05-04 19:01:33,732 P2776 [INFO] Completed successfully.
2020-05-04 19:01:33,732 P2776 [INFO] ============================================================
2020-05-04 19:01:33,732 P2776 [INFO] Command 01download_container_hooks
2020-05-04 19:01:33,796 P2776 [INFO] Completed successfully.
2020-05-04 19:01:33,797 P2776 [INFO] ============================================================
2020-05-04 19:01:33,797 P2776 [INFO] Command 02install_container_hooks
2020-05-04 19:01:33,804 P2776 [INFO] Completed successfully.
2020-05-04 19:01:33,805 P2776 [INFO] ============================================================
2020-05-04 19:01:33,805 P2776 [INFO] Command 03cleanup
2020-05-04 19:01:33,807 P2776 [INFO] Completed successfully.
2020-05-04 19:01:33,813 P2776 [INFO] ++++++++++++++++++++++++++++++++++++++++++++++++++++++++++++
2020-05-04 19:01:33,813 P2776 [INFO] Config Infra-WriteLeaderTestScript
2020-05-04 19:01:33,818 P2776 [INFO] ++++++++++++++++++++++++++++++++++++++++++++++++++++++++++++
2020-05-04 19:01:33,818 P2776 [INFO] Config Infra-WriteTailLogsConf
2020-05-04 19:01:33,823 P2776 [INFO] ++++++++++++++++++++++++++++++++++++++++++++++++++++++++++++
2020-05-04 19:01:33,823 P2776 [INFO] Config Infra-WriteSystemTailLogsConf
2020-05-04 19:01:33,828 P2776 [INFO] ++++++++++++++++++++++++++++++++++++++++++++++++++++++++++++
2020-05-04 19:01:33,829 P2776 [INFO] Config Infra-WriteBundleLogsConf
2020-05-04 19:01:33,834 P2776 [INFO] ++++++++++++++++++++++++++++++++++++++++++++++++++++++++++++
2020-05-04 19:01:33,834 P2776 [INFO] Config Infra-WritePublishLogsConf
2020-05-04 19:01:33,838 P2776 [INFO] ++++++++++++++++++++++++++++++++++++++++++++++++++++++++++++
2020-05-04 19:01:33,838 P2776 [INFO] Config Infra-WritePublishLogsCron
2020-05-04 19:02:09,309 P3096 [INFO] ************************************************************
2020-05-04 19:02:09,309 P3096 [INFO] ConfigSet Infra-EmbeddedPreBuild
2020-05-04 19:02:12,683 P3143 [INFO] ************************************************************
2020-05-04 19:02:12,683 P3143 [INFO] ConfigSet Infra-EmbeddedPostBuild
