2020-05-04 19:01:33,656 [INFO] -----------------------Starting build-----------------------
2020-05-04 19:01:33,663 [INFO] Running configSets: _OnInstanceBoot
2020-05-04 19:01:33,666 [INFO] Running configSet _OnInstanceBoot
2020-05-04 19:01:33,670 [INFO] Running config AWSEBBaseConfig
2020-05-04 19:01:33,676 [INFO] Command clearbackupfiles succeeded
2020-05-04 19:01:33,682 [INFO] Running config AWSEBMessageOfTheDay
2020-05-04 19:01:33,686 [INFO] Command 01clearoriginal succeeded
2020-05-04 19:01:33,690 [INFO] Command 02createbanner succeeded
2020-05-04 19:01:33,702 [INFO] Command 03updatebanner succeeded
2020-05-04 19:01:33,709 [INFO] Running config AWSEBULimitConfig
2020-05-04 19:01:33,713 [INFO] Command 00removebackup succeeded
2020-05-04 19:01:33,719 [INFO] Running config AWSEBCfnHupEndpointOverride
2020-05-04 19:01:33,723 [INFO] Command clearbackupfiles succeeded
2020-05-04 19:01:33,728 [INFO] Running config Infra-InstallContainerHooksPkg
2020-05-04 19:01:33,732 [INFO] Command 00mkdir succeeded
2020-05-04 19:01:33,797 [INFO] Command 01download_container_hooks succeeded
2020-05-04 19:01:33,804 [INFO] Command 02install_container_hooks succeeded
2020-05-04 19:01:33,808 [INFO] Command 03cleanup succeeded
2020-05-04 19:01:33,813 [INFO] Running config Infra-WriteLeaderTestScript
2020-05-04 19:01:33,818 [INFO] Running config Infra-WriteTailLogsConf
2020-05-04 19:01:33,823 [INFO] Running config Infra-WriteSystemTailLogsConf
2020-05-04 19:01:33,828 [INFO] Running config Infra-WriteBundleLogsConf
2020-05-04 19:01:33,833 [INFO] Running config Infra-WritePublishLogsConf
2020-05-04 19:01:33,837 [INFO] Running config Infra-WritePublishLogsCron
2020-05-04 19:01:33,839 [INFO] ConfigSets completed
2020-05-04 19:01:33,839 [INFO] -----------------------Build complete-----------------------
2020-05-04 19:02:09,299 [INFO] -----------------------Starting build-----------------------
2020-05-04 19:02:09,306 [INFO] Running configSets: Infra-EmbeddedPreBuild
2020-05-04 19:02:09,309 [INFO] Running configSet Infra-EmbeddedPreBuild
2020-05-04 19:02:09,309 [INFO] ConfigSets completed
2020-05-04 19:02:09,310 [INFO] -----------------------Build complete-----------------------
2020-05-04 19:02:12,673 [INFO] -----------------------Starting build-----------------------
2020-05-04 19:02:12,680 [INFO] Running configSets: Infra-EmbeddedPostBuild
2020-05-04 19:02:12,683 [INFO] Running configSet Infra-EmbeddedPostBuild
2020-05-04 19:02:12,683 [INFO] ConfigSets completed
2020-05-04 19:02:12,683 [INFO] -----------------------Build complete-----------------------
