[2020-05-04T19:01:35.384Z] INFO  [2850]  - [Initialization] : Starting activity...
[2020-05-04T19:01:35.384Z] INFO  [2850]  - [Initialization/AddonsBefore] : Starting activity...
[2020-05-04T19:01:35.385Z] INFO  [2850]  - [Initialization/AddonsBefore/InstallCWLAgent] : Starting activity...
[2020-05-04T19:01:35.385Z] INFO  [2850]  - [Initialization/AddonsBefore/InstallCWLAgent/01-install-cwl-agent.sh] : Starting activity...
[2020-05-04T19:01:37.660Z] INFO  [2850]  - [Initialization/AddonsBefore/InstallCWLAgent/01-install-cwl-agent.sh] : Completed activity. Result:
  + grep -iq 'Amazon Linux' /etc/issue
  + yum install -y awslogs
  Loaded plugins: priorities, update-motd, upgrade-helper
  Repodata is over 2 weeks old. Install yum-cron? Or run: yum makecache fast
  Resolving Dependencies
  --> Running transaction check
  ---> Package awslogs.noarch 0:1.1.4-1.12.amzn1 will be installed
  --> Processing Dependency: aws-cli-plugin-cloudwatch-logs(python27) for package: awslogs-1.1.4-1.12.amzn1.noarch
  --> Running transaction check
  ---> Package aws-cli-plugin-cloudwatch-logs.noarch 0:1.4.6-1.17.amzn1 will be installed
  --> Finished Dependency Resolution
  
  Dependencies Resolved
  
  ================================================================================
   Package                         Arch    Version            Repository     Size
  ================================================================================
  Installing:
   awslogs                         noarch  1.1.4-1.12.amzn1   amzn-main     9.2 k
  Installing for dependencies:
   aws-cli-plugin-cloudwatch-logs  noarch  1.4.6-1.17.amzn1   amzn-updates   72 k
  
  Transaction Summary
  ================================================================================
  Install  1 Package (+1 Dependent package)
  
  Total download size: 81 k
  Installed size: 246 k
  Downloading packages:
  --------------------------------------------------------------------------------
  Total                                              670 kB/s |  81 kB  00:00     
  Running transaction check
  Running transaction test
  Transaction test succeeded
  Running transaction
    Installing : aws-cli-plugin-cloudwatch-logs-1.4.6-1.17.amzn1.noarch       1/2 
    Installing : awslogs-1.1.4-1.12.amzn1.noarch                              2/2 
    Verifying  : awslogs-1.1.4-1.12.amzn1.noarch                              1/2 
    Verifying  : aws-cli-plugin-cloudwatch-logs-1.4.6-1.17.amzn1.noarch       2/2 
  
  Installed:
    awslogs.noarch 0:1.1.4-1.12.amzn1                                             
  
  Dependency Installed:
    aws-cli-plugin-cloudwatch-logs.noarch 0:1.4.6-1.17.amzn1                      
  
  Complete!
  + cat
  ++ sed 's/.$//'
  ++ curl 169.254.169.254/latest/meta-data/placement/availability-zone
    % Total    % Received % Xferd  Average Speed   Time    Time     Time  Current
                                   Dload  Upload   Total   Spent    Left  Speed
    0     0    0     0    0     0      0      0 --:--:-- --:--:-- --:--:--     0100    10  100    10    0     0  10000      0 --:--:-- --:--:-- --:--:-- 10000
  + region=us-west-1
  + sed -i -e 's/region = .*/region = us-west-1/g' /etc/awslogs/awscli.conf
  + /opt/elasticbeanstalk/bin/log-conf -n awslogs -l/var/log/awslogs.log
[2020-05-04T19:01:37.660Z] INFO  [2850]  - [Initialization/AddonsBefore/InstallCWLAgent] : Completed activity. Result:
  Successfully execute hooks in directory /opt/elasticbeanstalk/addons/logstreaming/hooks/install.
[2020-05-04T19:01:37.660Z] INFO  [2850]  - [Initialization/AddonsBefore] : Completed activity.
[2020-05-04T19:01:37.660Z] INFO  [2850]  - [Initialization/PreInitStage0] : Starting activity...
[2020-05-04T19:01:37.660Z] INFO  [2850]  - [Initialization/PreInitStage0/DownloadSourceBundle] : Starting activity...
[2020-05-04T19:01:39.523Z] INFO  [2850]  - [Initialization/PreInitStage0/DownloadSourceBundle] : Completed activity. Result:
  [2020-05-04T19:01:37.765Z] INFO  [2917]  : Application version will be saved to /opt/elasticbeanstalk/deploy/appsource.
  [2020-05-04T19:01:37.766Z] INFO  [2917]  : Using manifest cache with deployment ID 1 and serial 1.
  [2020-05-04T19:01:37.766Z] INFO  [2917]  : Attempting to download application source bundle to: '/opt/elasticbeanstalk/deploy/appsource/source_bundle'.
  [2020-05-04T19:01:37.766Z] INFO  [2917]  : Using computed s3 key.
  [2020-05-04T19:01:37.888Z] INFO  [2917]  : Downloading from bucket 'elasticbeanstalk-us-west-1-380939088281' with key 'resources/environments/e-naxps23d9r/_runtime/_versions/Simply Shop Backend/simply shop backend-source' and version '' to '/opt/elasticbeanstalk/deploy/appsource/source_bundle'.
  [2020-05-04T19:01:37.968Z] INFO  [2917]  : Size: 129330703, ETag: "f4075de36aa53015c3ebd9fcfa4ad49d", Metadata: {"environmentid"=>"e-naxps23d9r", "requestid"=>"a976d9f9-6150-4350-9f8c-d672ba9a3621"}.
  [2020-05-04T19:01:39.504Z] INFO  [2917]  : Downloaded size: 129330703.
  [2020-05-04T19:01:39.504Z] INFO  [2917]  : Successfully downloaded to '/opt/elasticbeanstalk/deploy/appsource/source_bundle'.
[2020-05-04T19:01:39.524Z] INFO  [2850]  - [Initialization/PreInitStage0/PreInitHook] : Starting activity...
[2020-05-04T19:01:39.524Z] INFO  [2850]  - [Initialization/PreInitStage0/PreInitHook/01_install_dependencies.sh] : Starting activity...
[2020-05-04T19:01:39.618Z] INFO  [2850]  - [Initialization/PreInitStage0/PreInitHook/01_install_dependencies.sh] : Completed activity.
[2020-05-04T19:01:39.618Z] INFO  [2850]  - [Initialization/PreInitStage0/PreInitHook/01_install_procfile.sh] : Starting activity...
[2020-05-04T19:01:39.710Z] INFO  [2850]  - [Initialization/PreInitStage0/PreInitHook/01_install_procfile.sh] : Completed activity.
[2020-05-04T19:01:39.710Z] INFO  [2850]  - [Initialization/PreInitStage0/PreInitHook/01_install_proxy.sh] : Starting activity...
[2020-05-04T19:01:39.801Z] INFO  [2850]  - [Initialization/PreInitStage0/PreInitHook/01_install_proxy.sh] : Completed activity.
[2020-05-04T19:01:39.801Z] INFO  [2850]  - [Initialization/PreInitStage0/PreInitHook/01_install_xray_daemon.sh] : Starting activity...
[2020-05-04T19:01:39.915Z] INFO  [2850]  - [Initialization/PreInitStage0/PreInitHook/01_install_xray_daemon.sh] : Completed activity. Result:
  Executing: /bin/chown -R xray:xray /var/log/xray
  
[2020-05-04T19:01:39.915Z] INFO  [2850]  - [Initialization/PreInitStage0/PreInitHook] : Completed activity. Result:
  Successfully execute hooks in directory /opt/elasticbeanstalk/hooks/preinit.
[2020-05-04T19:01:39.916Z] INFO  [2850]  - [Initialization/PreInitStage0] : Completed activity. Result:
  Initialization - Command CMD-PreInit stage 0 completed
[2020-05-04T19:01:39.916Z] INFO  [2850]  - [Initialization/AddonsAfter] : Starting activity...
[2020-05-04T19:01:39.916Z] INFO  [2850]  - [Initialization/AddonsAfter] : Completed activity.
[2020-05-04T19:01:39.916Z] INFO  [2850]  - [Initialization] : Completed activity. Result:
  Initialization - Command CMD-PreInit succeeded
[2020-05-04T19:02:08.382Z] INFO  [3059]  - [Application deployment simply shop backend-source@1] : Starting activity...
[2020-05-04T19:02:08.382Z] INFO  [3059]  - [Application deployment simply shop backend-source@1/AddonsBefore] : Starting activity...
[2020-05-04T19:02:08.382Z] INFO  [3059]  - [Application deployment simply shop backend-source@1/AddonsBefore/ConfigCWLAgent] : Starting activity...
[2020-05-04T19:02:08.382Z] INFO  [3059]  - [Application deployment simply shop backend-source@1/AddonsBefore/ConfigCWLAgent/10-config.sh] : Starting activity...
[2020-05-04T19:02:08.508Z] INFO  [3059]  - [Application deployment simply shop backend-source@1/AddonsBefore/ConfigCWLAgent/10-config.sh] : Completed activity. Result:
  Log streaming option setting is not specified, ignore cloudwatch logs setup.
  
  Disabled log streaming.
[2020-05-04T19:02:08.508Z] INFO  [3059]  - [Application deployment simply shop backend-source@1/AddonsBefore/ConfigCWLAgent] : Completed activity. Result:
  Successfully execute hooks in directory /opt/elasticbeanstalk/addons/logstreaming/hooks/config.
[2020-05-04T19:02:08.508Z] INFO  [3059]  - [Application deployment simply shop backend-source@1/AddonsBefore] : Completed activity.
[2020-05-04T19:02:08.904Z] INFO  [3059]  - [Application deployment simply shop backend-source@1/StartupStage0] : Starting activity...
[2020-05-04T19:02:08.904Z] INFO  [3059]  - [Application deployment simply shop backend-source@1/StartupStage0/HealthdLogRotation] : Starting activity...
[2020-05-04T19:02:08.910Z] INFO  [3059]  - [Application deployment simply shop backend-source@1/StartupStage0/HealthdLogRotation] : Completed activity. Result:
  ["/etc/cron.hourly/cron.logrotate.elasticbeanstalk.healthd.conf"]
[2020-05-04T19:02:08.910Z] INFO  [3059]  - [Application deployment simply shop backend-source@1/StartupStage0/HealthdHTTPDLogging] : Starting activity...
[2020-05-04T19:02:08.910Z] INFO  [3059]  - [Application deployment simply shop backend-source@1/StartupStage0/HealthdHTTPDLogging] : Completed activity.
[2020-05-04T19:02:08.910Z] INFO  [3059]  - [Application deployment simply shop backend-source@1/StartupStage0/HealthdNginxLogging] : Starting activity...
[2020-05-04T19:02:08.910Z] INFO  [3059]  - [Application deployment simply shop backend-source@1/StartupStage0/HealthdNginxLogging] : Completed activity.
[2020-05-04T19:02:08.911Z] INFO  [3059]  - [Application deployment simply shop backend-source@1/StartupStage0/EbExtensionPreBuild] : Starting activity...
[2020-05-04T19:02:09.309Z] INFO  [3059]  - [Application deployment simply shop backend-source@1/StartupStage0/EbExtensionPreBuild/Infra-EmbeddedPreBuild] : Starting activity...
[2020-05-04T19:02:09.309Z] INFO  [3059]  - [Application deployment simply shop backend-source@1/StartupStage0/EbExtensionPreBuild/Infra-EmbeddedPreBuild] : Completed activity.
[2020-05-04T19:02:09.326Z] INFO  [3059]  - [Application deployment simply shop backend-source@1/StartupStage0/EbExtensionPreBuild] : Completed activity.
[2020-05-04T19:02:09.326Z] INFO  [3059]  - [Application deployment simply shop backend-source@1/StartupStage0/AppDeployPreHook] : Starting activity...
[2020-05-04T19:02:09.326Z] INFO  [3059]  - [Application deployment simply shop backend-source@1/StartupStage0/AppDeployPreHook/01_configure_application.sh] : Starting activity...
[2020-05-04T19:02:11.998Z] INFO  [3059]  - [Application deployment simply shop backend-source@1/StartupStage0/AppDeployPreHook/01_configure_application.sh] : Completed activity. Result:
  Executing: /usr/bin/unzip -o -d /var/app/staging /opt/elasticbeanstalk/deploy/appsource/source_bundle
  Archive:  /opt/elasticbeanstalk/deploy/appsource/source_bundle
     creating: /var/app/staging/META-INF/
    inflating: /var/app/staging/META-INF/MANIFEST.MF  
     creating: /var/app/staging/org/
     creating: /var/app/staging/org/springframework/
     creating: /var/app/staging/org/springframework/boot/
     creating: /var/app/staging/org/springframework/boot/loader/
    inflating: /var/app/staging/org/springframework/boot/loader/JarLauncher.class  
     creating: /var/app/staging/org/springframework/boot/loader/data/
    inflating: /var/app/staging/org/springframework/boot/loader/data/RandomAccessDataFile.class  
     creating: /var/app/staging/org/springframework/boot/loader/archive/
    inflating: /var/app/staging/org/springframework/boot/loader/archive/ExplodedArchive$FileEntry.class  
    inflating: /var/app/staging/org/springframework/boot/loader/archive/ExplodedArchive$FileEntryIterator.class  
     creating: /var/app/staging/org/springframework/boot/loader/jar/
    inflating: /var/app/staging/org/springframework/boot/loader/jar/CentralDirectoryEndRecord$Zip64End.class  
    inflating: /var/app/staging/org/springframework/boot/loader/jar/CentralDirectoryEndRecord.class  
    inflating: /var/app/staging/org/springframework/boot/loader/jar/JarURLConnection.class  
    inflating: /var/app/staging/org/springframework/boot/loader/jar/Bytes.class  
    inflating: /var/app/staging/org/springframework/boot/loader/jar/JarFileEntries$1.class  
    inflating: /var/app/staging/org/springframework/boot/loader/jar/FileHeader.class  
    inflating: /var/app/staging/org/springframework/boot/loader/MainMethodRunner.class  
    inflating: /var/app/staging/org/springframework/boot/loader/data/RandomAccessDataFile$DataInputStream.class  
    inflating: /var/app/staging/org/springframework/boot/loader/LaunchedURLClassLoader.class  
    inflating: /var/app/staging/org/springframework/boot/loader/archive/ExplodedArchive.class  
    inflating: /var/app/staging/org/springframework/boot/loader/jar/JarURLConnection$JarEntryName.class  
    inflating: /var/app/staging/org/springframework/boot/loader/Launcher.class  
    inflating: /var/app/staging/org/springframework/boot/loader/PropertiesLauncher$1.class  
    inflating: /var/app/staging/org/springframework/boot/loader/LaunchedURLClassLoader$UseFastConnectionExceptionsEnumeration.class  
    inflating: /var/app/staging/org/springframework/boot/loader/WarLauncher.class  
    inflating: /var/app/staging/org/springframework/boot/loader/archive/JarFileArchive.class  
    inflating: /var/app/staging/org/springframework/boot/loader/jar/JarFileEntries$EntryIterator.class  
    inflating: /var/app/staging/org/springframework/boot/loader/jar/JarFile.class  
    inflating: /var/app/staging/org/springframework/boot/loader/ExecutableArchiveLauncher.class  
    inflating: /var/app/staging/org/springframework/boot/loader/data/RandomAccessDataFile$1.class  
    inflating: /var/app/staging/org/springframework/boot/loader/PropertiesLauncher.class  
    inflating: /var/app/staging/org/springframework/boot/loader/jar/JarEntryFilter.class  
    inflating: /var/app/staging/org/springframework/boot/loader/jar/JarFile$1.class  
    inflating: /var/app/staging/org/springframework/boot/loader/jar/CentralDirectoryEndRecord$Zip64Locator.class  
    inflating: /var/app/staging/org/springframework/boot/loader/jar/JarURLConnection$2.class  
    inflating: /var/app/staging/org/springframework/boot/loader/jar/JarEntry.class  
    inflating: /var/app/staging/org/springframework/boot/loader/jar/CentralDirectoryFileHeader.class  
    inflating: /var/app/staging/org/springframework/boot/loader/PropertiesLauncher$PrefixMatchingArchiveFilter.class  
    inflating: /var/app/staging/org/springframework/boot/loader/PropertiesLauncher$ArchiveEntryFilter.class  
    inflating: /var/app/staging/org/springframework/boot/loader/archive/Archive$EntryFilter.class  
    inflating: /var/app/staging/org/springframework/boot/loader/archive/JarFileArchive$JarFileEntry.class  
    inflating: /var/app/staging/org/springframework/boot/loader/archive/Archive$Entry.class  
    inflating: /var/app/staging/org/springframework/boot/loader/archive/ExplodedArchive$FileEntryIterator$EntryComparator.class  
    inflating: /var/app/staging/org/springframework/boot/loader/jar/JarFile$2.class  
    inflating: /var/app/staging/org/springframework/boot/loader/jar/StringSequence.class  
    inflating: /var/app/staging/org/springframework/boot/loader/jar/CentralDirectoryParser.class  
    inflating: /var/app/staging/org/springframework/boot/loader/jar/JarFileEntries.class  
     creating: /var/app/staging/org/springframework/boot/loader/util/
    inflating: /var/app/staging/org/springframework/boot/loader/util/SystemPropertyUtils.class  
    inflating: /var/app/staging/org/springframework/boot/loader/jar/Handler.class  
    inflating: /var/app/staging/org/springframework/boot/loader/jar/AsciiBytes.class  
    inflating: /var/app/staging/org/springframework/boot/loader/data/RandomAccessData.class  
    inflating: /var/app/staging/org/springframework/boot/loader/archive/JarFileArchive$EntryIterator.class  
    inflating: /var/app/staging/org/springframework/boot/loader/archive/Archive.class  
    inflating: /var/app/staging/org/springframework/boot/loader/archive/ExplodedArchive$1.class  
    inflating: /var/app/staging/org/springframework/boot/loader/jar/JarURLConnection$1.class  
    inflating: /var/app/staging/org/springframework/boot/loader/jar/CentralDirectoryVisitor.class  
    inflating: /var/app/staging/org/springframework/boot/loader/jar/JarFile$JarFileType.class  
    inflating: /var/app/staging/org/springframework/boot/loader/jar/JarURLConnection$CloseAction.class  
    inflating: /var/app/staging/org/springframework/boot/loader/jar/ZipInflaterInputStream.class  
    inflating: /var/app/staging/org/springframework/boot/loader/jar/CentralDirectoryEndRecord$1.class  
    inflating: /var/app/staging/org/springframework/boot/loader/data/RandomAccessDataFile$FileAccess.class  
     creating: /var/app/staging/BOOT-INF/
     creating: /var/app/staging/BOOT-INF/classes/
     creating: /var/app/staging/BOOT-INF/classes/stuff_unimplemented/
     creating: /var/app/staging/BOOT-INF/classes/stuff_unimplemented/session/
     creating: /var/app/staging/META-INF/maven/
     creating: /var/app/staging/META-INF/maven/com.example/
     creating: /var/app/staging/META-INF/maven/com.example/173Project/
     creating: /var/app/staging/BOOT-INF/classes/static/
     creating: /var/app/staging/BOOT-INF/classes/com/
     creating: /var/app/staging/BOOT-INF/classes/com/example/
     creating: /var/app/staging/BOOT-INF/classes/com/example/demo/
     creating: /var/app/staging/BOOT-INF/classes/com/example/demo/config/
     creating: /var/app/staging/BOOT-INF/classes/com/example/demo/model/
     creating: /var/app/staging/BOOT-INF/classes/com/example/repository/
     creating: /var/app/staging/BOOT-INF/classes/com/example/model/
     creating: /var/app/staging/BOOT-INF/classes/com/example/mysqlcommands/
     creating: /var/app/staging/BOOT-INF/classes/com/example/service/
     creating: /var/app/staging/BOOT-INF/classes/com/example/controllers/
    inflating: /var/app/staging/BOOT-INF/classes/applications.yml  
    inflating: /var/app/staging/BOOT-INF/classes/stuff_unimplemented/RegisterController.class  
    inflating: /var/app/staging/BOOT-INF/classes/stuff_unimplemented/CartService.class  
    inflating: /var/app/staging/BOOT-INF/classes/stuff_unimplemented/OrderInformation.class  
    inflating: /var/app/staging/BOOT-INF/classes/stuff_unimplemented/Cart.class  
    inflating: /var/app/staging/BOOT-INF/classes/stuff_unimplemented/session/CurrentCart.class  
    inflating: /var/app/staging/META-INF/maven/com.example/173Project/pom.xml  
    inflating: /var/app/staging/BOOT-INF/classes/com/example/demo/MainController.class  
    inflating: /var/app/staging/BOOT-INF/classes/com/example/demo/model/Order.class  
    inflating: /var/app/staging/BOOT-INF/classes/com/example/demo/model/OrderInformation.class  
    inflating: /var/app/staging/BOOT-INF/classes/com/example/repository/UserRepository.class  
    inflating: /var/app/staging/BOOT-INF/classes/com/example/model/User.class  
    inflating: /var/app/staging/BOOT-INF/classes/com/example/service/ItemService.class  
    inflating: /var/app/staging/BOOT-INF/classes/application.properties  
    inflating: /var/app/staging/BOOT-INF/classes/stuff_unimplemented/UserServiceImpl.class  
    inflating: /var/app/staging/BOOT-INF/classes/com/example/demo/ItemController.class  
    inflating: /var/app/staging/BOOT-INF/classes/com/example/model/Item.class  
    inflating: /var/app/staging/BOOT-INF/classes/com/example/service/ItemImageService.class  
    inflating: /var/app/staging/BOOT-INF/classes/stuff_unimplemented/Order.class  
    inflating: /var/app/staging/META-INF/maven/com.example/173Project/pom.properties  
    inflating: /var/app/staging/BOOT-INF/classes/com/example/demo/config/S3Config.class  
    inflating: /var/app/staging/BOOT-INF/classes/com/example/demo/model/ItemImage.class  
    inflating: /var/app/staging/BOOT-INF/classes/com/example/demo/model/User.class  
    inflating: /var/app/staging/BOOT-INF/classes/com/example/demo/Application.class  
    inflating: /var/app/staging/BOOT-INF/classes/com/example/repository/ItemRepository.class  
    inflating: /var/app/staging/BOOT-INF/classes/com/example/mysqlcommands/ModifyDB.class  
    inflating: /var/app/staging/BOOT-INF/classes/com/example/service/CartService.class  
    inflating: /var/app/staging/BOOT-INF/classes/aws-config.xml  
    inflating: /var/app/staging/BOOT-INF/classes/static/accessKeys.csv  
    inflating: /var/app/staging/BOOT-INF/classes/com/example/demo/model/Item.class  
    inflating: /var/app/staging/BOOT-INF/classes/com/example/demo/model/Cart.class  
    inflating: /var/app/staging/BOOT-INF/classes/com/example/demo/UserController.class  
    inflating: /var/app/staging/BOOT-INF/classes/com/example/service/UserService.class  
    inflating: /var/app/staging/BOOT-INF/classes/com/example/service/UserServiceImpl.class  
    inflating: /var/app/staging/BOOT-INF/classes/com/example/controllers/RegisterController.class  
     creating: /var/app/staging/BOOT-INF/lib/
   extracting: /var/app/staging/BOOT-INF/lib/spring-boot-starter-web-2.2.6.RELEASE.jar  
   extracting: /var/app/staging/BOOT-INF/lib/spring-boot-starter-2.2.6.RELEASE.jar  
   extracting: /var/app/staging/BOOT-INF/lib/spring-boot-2.2.6.RELEASE.jar  
   extracting: /var/app/staging/BOOT-INF/lib/spring-boot-autoconfigure-2.2.6.RELEASE.jar  
   extracting: /var/app/staging/BOOT-INF/lib/spring-boot-starter-logging-2.2.6.RELEASE.jar  
   extracting: /var/app/staging/BOOT-INF/lib/logback-classic-1.2.3.jar  
   extracting: /var/app/staging/BOOT-INF/lib/logback-core-1.2.3.jar  
   extracting: /var/app/staging/BOOT-INF/lib/log4j-to-slf4j-2.12.1.jar  
   extracting: /var/app/staging/BOOT-INF/lib/log4j-api-2.12.1.jar  
   extracting: /var/app/staging/BOOT-INF/lib/jul-to-slf4j-1.7.30.jar  
   extracting: /var/app/staging/BOOT-INF/lib/jakarta.annotation-api-1.3.5.jar  
   extracting: /var/app/staging/BOOT-INF/lib/snakeyaml-1.25.jar  
   extracting: /var/app/staging/BOOT-INF/lib/spring-boot-starter-json-2.2.6.RELEASE.jar  
   extracting: /var/app/staging/BOOT-INF/lib/jackson-databind-2.10.3.jar  
   extracting: /var/app/staging/BOOT-INF/lib/jackson-annotations-2.10.3.jar  
   extracting: /var/app/staging/BOOT-INF/lib/jackson-core-2.10.3.jar  
   extracting: /var/app/staging/BOOT-INF/lib/jackson-datatype-jdk8-2.10.3.jar  
   extracting: /var/app/staging/BOOT-INF/lib/jackson-datatype-jsr310-2.10.3.jar  
   extracting: /var/app/staging/BOOT-INF/lib/jackson-module-parameter-names-2.10.3.jar  
   extracting: /var/app/staging/BOOT-INF/lib/spring-boot-starter-tomcat-2.2.6.RELEASE.jar  
   extracting: /var/app/staging/BOOT-INF/lib/tomcat-embed-core-9.0.33.jar  
   extracting: /var/app/staging/BOOT-INF/lib/tomcat-embed-el-9.0.33.jar  
   extracting: /var/app/staging/BOOT-INF/lib/tomcat-embed-websocket-9.0.33.jar  
   extracting: /var/app/staging/BOOT-INF/lib/spring-boot-starter-validation-2.2.6.RELEASE.jar  
   extracting: /var/app/staging/BOOT-INF/lib/jakarta.validation-api-2.0.2.jar  
   extracting: /var/app/staging/BOOT-INF/lib/hibernate-validator-6.0.18.Final.jar  
   extracting: /var/app/staging/BOOT-INF/lib/spring-webmvc-5.2.5.RELEASE.jar  
   extracting: /var/app/staging/BOOT-INF/lib/spring-expression-5.2.5.RELEASE.jar  
   extracting: /var/app/staging/BOOT-INF/lib/kafka-streams-2.3.1.jar  
   extracting: /var/app/staging/BOOT-INF/lib/kafka-clients-2.3.1.jar  
   extracting: /var/app/staging/BOOT-INF/lib/zstd-jni-1.4.0-1.jar  
   extracting: /var/app/staging/BOOT-INF/lib/lz4-java-1.6.0.jar  
   extracting: /var/app/staging/BOOT-INF/lib/snappy-java-1.1.7.3.jar  
   extracting: /var/app/staging/BOOT-INF/lib/connect-json-2.3.1.jar  
   extracting: /var/app/staging/BOOT-INF/lib/connect-api-2.3.1.jar  
   extracting: /var/app/staging/BOOT-INF/lib/slf4j-api-1.7.30.jar  
   extracting: /var/app/staging/BOOT-INF/lib/rocksdbjni-5.18.3.jar  
   extracting: /var/app/staging/BOOT-INF/lib/spring-kafka-2.4.6.RELEASE.jar  
   extracting: /var/app/staging/BOOT-INF/lib/spring-retry-1.2.5.RELEASE.jar  
   extracting: /var/app/staging/BOOT-INF/lib/spring-context-5.2.5.RELEASE.jar  
   extracting: /var/app/staging/BOOT-INF/lib/spring-messaging-5.2.5.RELEASE.jar  
   extracting: /var/app/staging/BOOT-INF/lib/spring-tx-5.2.5.RELEASE.jar  
   extracting: /var/app/staging/BOOT-INF/lib/jakarta.xml.bind-api-2.3.3.jar  
   extracting: /var/app/staging/BOOT-INF/lib/byte-buddy-1.10.8.jar  
   extracting: /var/app/staging/BOOT-INF/lib/spring-core-5.2.5.RELEASE.jar  
   extracting: /var/app/staging/BOOT-INF/lib/spring-jcl-5.2.5.RELEASE.jar  
   extracting: /var/app/staging/BOOT-INF/lib/javax.persistence-api-2.2.jar  
   extracting: /var/app/staging/BOOT-INF/lib/spring-data-commons-2.2.7.RELEASE.jar  
   extracting: /var/app/staging/BOOT-INF/lib/spring-data-jpa-2.2.7.RELEASE.jar  
   extracting: /var/app/staging/BOOT-INF/lib/spring-orm-5.2.5.RELEASE.jar  
   extracting: /var/app/staging/BOOT-INF/lib/spring-jdbc-5.2.5.RELEASE.jar  
   extracting: /var/app/staging/BOOT-INF/lib/spring-aop-5.2.5.RELEASE.jar  
   extracting: /var/app/staging/BOOT-INF/lib/aspectjrt-1.9.5.jar  
   extracting: /var/app/staging/BOOT-INF/lib/joda-time-2.10.6.jar  
   extracting: /var/app/staging/BOOT-INF/lib/aws-java-sdk-1.11.133.jar  
   extracting: /var/app/staging/BOOT-INF/lib/aws-java-sdk-athena-1.11.133.jar  
   extracting: /var/app/staging/BOOT-INF/lib/jmespath-java-1.11.133.jar  
   extracting: /var/app/staging/BOOT-INF/lib/aws-java-sdk-marketplaceentitlement-1.11.133.jar  
   extracting: /var/app/staging/BOOT-INF/lib/aws-java-sdk-codestar-1.11.133.jar  
   extracting: /var/app/staging/BOOT-INF/lib/aws-java-sdk-lexmodelbuilding-1.11.133.jar  
   extracting: /var/app/staging/BOOT-INF/lib/aws-java-sdk-resourcegroupstaggingapi-1.11.133.jar  
   extracting: /var/app/staging/BOOT-INF/lib/aws-java-sdk-pinpoint-1.11.133.jar  
   extracting: /var/app/staging/BOOT-INF/lib/aws-java-sdk-xray-1.11.133.jar  
   extracting: /var/app/staging/BOOT-INF/lib/aws-java-sdk-opsworkscm-1.11.133.jar  
   extracting: /var/app/staging/BOOT-INF/lib/aws-java-sdk-support-1.11.133.jar  
   extracting: /var/app/staging/BOOT-INF/lib/aws-java-sdk-simpledb-1.11.133.jar  
   extracting: /var/app/staging/BOOT-INF/lib/aws-java-sdk-servicecatalog-1.11.133.jar  
   extracting: /var/app/staging/BOOT-INF/lib/aws-java-sdk-servermigration-1.11.133.jar  
   extracting: /var/app/staging/BOOT-INF/lib/aws-java-sdk-simpleworkflow-1.11.133.jar  
   extracting: /var/app/staging/BOOT-INF/lib/aws-java-sdk-storagegateway-1.11.133.jar  
   extracting: /var/app/staging/BOOT-INF/lib/aws-java-sdk-route53-1.11.133.jar  
   extracting: /var/app/staging/BOOT-INF/lib/aws-java-sdk-s3-1.11.133.jar  
   extracting: /var/app/staging/BOOT-INF/lib/aws-java-sdk-importexport-1.11.133.jar  
   extracting: /var/app/staging/BOOT-INF/lib/aws-java-sdk-sts-1.11.133.jar  
   extracting: /var/app/staging/BOOT-INF/lib/aws-java-sdk-sqs-1.11.133.jar  
   extracting: /var/app/staging/BOOT-INF/lib/aws-java-sdk-rds-1.11.133.jar  
   extracting: /var/app/staging/BOOT-INF/lib/aws-java-sdk-redshift-1.11.133.jar  
   extracting: /var/app/staging/BOOT-INF/lib/aws-java-sdk-elasticbeanstalk-1.11.133.jar  
   extracting: /var/app/staging/BOOT-INF/lib/aws-java-sdk-glacier-1.11.133.jar  
   extracting: /var/app/staging/BOOT-INF/lib/aws-java-sdk-iam-1.11.133.jar  
   extracting: /var/app/staging/BOOT-INF/lib/aws-java-sdk-datapipeline-1.11.133.jar  
   extracting: /var/app/staging/BOOT-INF/lib/aws-java-sdk-elasticloadbalancing-1.11.133.jar  
   extracting: /var/app/staging/BOOT-INF/lib/aws-java-sdk-elasticloadbalancingv2-1.11.133.jar  
   extracting: /var/app/staging/BOOT-INF/lib/aws-java-sdk-emr-1.11.133.jar  
   extracting: /var/app/staging/BOOT-INF/lib/aws-java-sdk-elasticache-1.11.133.jar  
   extracting: /var/app/staging/BOOT-INF/lib/aws-java-sdk-elastictranscoder-1.11.133.jar  
   extracting: /var/app/staging/BOOT-INF/lib/aws-java-sdk-ec2-1.11.133.jar  
   extracting: /var/app/staging/BOOT-INF/lib/aws-java-sdk-dynamodb-1.11.133.jar  
   extracting: /var/app/staging/BOOT-INF/lib/aws-java-sdk-sns-1.11.133.jar  
   extracting: /var/app/staging/BOOT-INF/lib/aws-java-sdk-budgets-1.11.133.jar  
   extracting: /var/app/staging/BOOT-INF/lib/aws-java-sdk-cloudtrail-1.11.133.jar  
   extracting: /var/app/staging/BOOT-INF/lib/aws-java-sdk-cloudwatch-1.11.133.jar  
   extracting: /var/app/staging/BOOT-INF/lib/aws-java-sdk-logs-1.11.133.jar  
   extracting: /var/app/staging/BOOT-INF/lib/aws-java-sdk-events-1.11.133.jar  
   extracting: /var/app/staging/BOOT-INF/lib/aws-java-sdk-cognitoidentity-1.11.133.jar  
   extracting: /var/app/staging/BOOT-INF/lib/aws-java-sdk-cognitosync-1.11.133.jar  
   extracting: /var/app/staging/BOOT-INF/lib/aws-java-sdk-directconnect-1.11.133.jar  
   extracting: /var/app/staging/BOOT-INF/lib/aws-java-sdk-cloudformation-1.11.133.jar  
   extracting: /var/app/staging/BOOT-INF/lib/aws-java-sdk-cloudfront-1.11.133.jar  
   extracting: /var/app/staging/BOOT-INF/lib/aws-java-sdk-clouddirectory-1.11.133.jar  
   extracting: /var/app/staging/BOOT-INF/lib/aws-java-sdk-kinesis-1.11.133.jar  
   extracting: /var/app/staging/BOOT-INF/lib/aws-java-sdk-opsworks-1.11.133.jar  
   extracting: /var/app/staging/BOOT-INF/lib/aws-java-sdk-ses-1.11.133.jar  
   extracting: /var/app/staging/BOOT-INF/lib/aws-java-sdk-autoscaling-1.11.133.jar  
   extracting: /var/app/staging/BOOT-INF/lib/aws-java-sdk-cloudsearch-1.11.133.jar  
   extracting: /var/app/staging/BOOT-INF/lib/aws-java-sdk-cloudwatchmetrics-1.11.133.jar  
   extracting: /var/app/staging/BOOT-INF/lib/aws-java-sdk-codedeploy-1.11.133.jar  
   extracting: /var/app/staging/BOOT-INF/lib/aws-java-sdk-codepipeline-1.11.133.jar  
   extracting: /var/app/staging/BOOT-INF/lib/aws-java-sdk-kms-1.11.133.jar  
   extracting: /var/app/staging/BOOT-INF/lib/aws-java-sdk-config-1.11.133.jar  
   extracting: /var/app/staging/BOOT-INF/lib/aws-java-sdk-lambda-1.11.133.jar  
   extracting: /var/app/staging/BOOT-INF/lib/aws-java-sdk-ecs-1.11.133.jar  
   extracting: /var/app/staging/BOOT-INF/lib/aws-java-sdk-ecr-1.11.133.jar  
   extracting: /var/app/staging/BOOT-INF/lib/aws-java-sdk-cloudhsm-1.11.133.jar  
   extracting: /var/app/staging/BOOT-INF/lib/aws-java-sdk-ssm-1.11.133.jar  
   extracting: /var/app/staging/BOOT-INF/lib/aws-java-sdk-workspaces-1.11.133.jar  
   extracting: /var/app/staging/BOOT-INF/lib/aws-java-sdk-machinelearning-1.11.133.jar  
   extracting: /var/app/staging/BOOT-INF/lib/aws-java-sdk-directory-1.11.133.jar  
   extracting: /var/app/staging/BOOT-INF/lib/aws-java-sdk-efs-1.11.133.jar  
   extracting: /var/app/staging/BOOT-INF/lib/aws-java-sdk-codecommit-1.11.133.jar  
   extracting: /var/app/staging/BOOT-INF/lib/aws-java-sdk-devicefarm-1.11.133.jar  
   extracting: /var/app/staging/BOOT-INF/lib/aws-java-sdk-elasticsearch-1.11.133.jar  
   extracting: /var/app/staging/BOOT-INF/lib/aws-java-sdk-waf-1.11.133.jar  
   extracting: /var/app/staging/BOOT-INF/lib/aws-java-sdk-marketplacecommerceanalytics-1.11.133.jar  
   extracting: /var/app/staging/BOOT-INF/lib/aws-java-sdk-inspector-1.11.133.jar  
   extracting: /var/app/staging/BOOT-INF/lib/aws-java-sdk-iot-1.11.133.jar  
   extracting: /var/app/staging/BOOT-INF/lib/aws-java-sdk-api-gateway-1.11.133.jar  
   extracting: /var/app/staging/BOOT-INF/lib/aws-java-sdk-acm-1.11.133.jar  
   extracting: /var/app/staging/BOOT-INF/lib/aws-java-sdk-gamelift-1.11.133.jar  
   extracting: /var/app/staging/BOOT-INF/lib/aws-java-sdk-dms-1.11.133.jar  
   extracting: /var/app/staging/BOOT-INF/lib/aws-java-sdk-marketplacemeteringservice-1.11.133.jar  
   extracting: /var/app/staging/BOOT-INF/lib/aws-java-sdk-cognitoidp-1.11.133.jar  
   extracting: /var/app/staging/BOOT-INF/lib/aws-java-sdk-discovery-1.11.133.jar  
   extracting: /var/app/staging/BOOT-INF/lib/aws-java-sdk-applicationautoscaling-1.11.133.jar  
   extracting: /var/app/staging/BOOT-INF/lib/aws-java-sdk-snowball-1.11.133.jar  
   extracting: /var/app/staging/BOOT-INF/lib/aws-java-sdk-rekognition-1.11.133.jar  
   extracting: /var/app/staging/BOOT-INF/lib/aws-java-sdk-polly-1.11.133.jar  
   extracting: /var/app/staging/BOOT-INF/lib/aws-java-sdk-lightsail-1.11.133.jar  
   extracting: /var/app/staging/BOOT-INF/lib/aws-java-sdk-stepfunctions-1.11.133.jar  
   extracting: /var/app/staging/BOOT-INF/lib/aws-java-sdk-health-1.11.133.jar  
   extracting: /var/app/staging/BOOT-INF/lib/aws-java-sdk-costandusagereport-1.11.133.jar  
   extracting: /var/app/staging/BOOT-INF/lib/aws-java-sdk-codebuild-1.11.133.jar  
   extracting: /var/app/staging/BOOT-INF/lib/aws-java-sdk-appstream-1.11.133.jar  
   extracting: /var/app/staging/BOOT-INF/lib/aws-java-sdk-shield-1.11.133.jar  
   extracting: /var/app/staging/BOOT-INF/lib/aws-java-sdk-batch-1.11.133.jar  
   extracting: /var/app/staging/BOOT-INF/lib/aws-java-sdk-lex-1.11.133.jar  
   extracting: /var/app/staging/BOOT-INF/lib/aws-java-sdk-mechanicalturkrequester-1.11.133.jar  
   extracting: /var/app/staging/BOOT-INF/lib/aws-java-sdk-organizations-1.11.133.jar  
   extracting: /var/app/staging/BOOT-INF/lib/aws-java-sdk-workdocs-1.11.133.jar  
   extracting: /var/app/staging/BOOT-INF/lib/aws-java-sdk-core-1.11.133.jar  
   extracting: /var/app/staging/BOOT-INF/lib/commons-logging-1.1.3.jar  
   extracting: /var/app/staging/BOOT-INF/lib/httpclient-4.5.12.jar  
   extracting: /var/app/staging/BOOT-INF/lib/httpcore-4.4.13.jar  
   extracting: /var/app/staging/BOOT-INF/lib/commons-codec-1.13.jar  
   extracting: /var/app/staging/BOOT-INF/lib/ion-java-1.0.2.jar  
   extracting: /var/app/staging/BOOT-INF/lib/jackson-dataformat-cbor-2.10.3.jar  
   extracting: /var/app/staging/BOOT-INF/lib/aws-java-sdk-models-1.11.133.jar  
   extracting: /var/app/staging/BOOT-INF/lib/aws-java-sdk-swf-libraries-1.11.22.jar  
   extracting: /var/app/staging/BOOT-INF/lib/mysql-connector-java-8.0.20.jar  
   extracting: /var/app/staging/BOOT-INF/lib/spring-web-5.2.6.RELEASE.jar  
   extracting: /var/app/staging/BOOT-INF/lib/spring-cloud-stream-binder-kafka-streams-3.0.4.RELEASE.jar  
   extracting: /var/app/staging/BOOT-INF/lib/spring-cloud-stream-binder-kafka-core-3.0.4.RELEASE.jar  
   extracting: /var/app/staging/BOOT-INF/lib/spring-cloud-stream-3.0.4.RELEASE.jar  
   extracting: /var/app/staging/BOOT-INF/lib/spring-integration-core-5.2.5.RELEASE.jar  
   extracting: /var/app/staging/BOOT-INF/lib/reactor-core-3.3.4.RELEASE.jar  
   extracting: /var/app/staging/BOOT-INF/lib/reactive-streams-1.0.3.jar  
   extracting: /var/app/staging/BOOT-INF/lib/spring-integration-jmx-5.2.5.RELEASE.jar  
   extracting: /var/app/staging/BOOT-INF/lib/spring-cloud-function-context-3.0.6.RELEASE.jar  
   extracting: /var/app/staging/BOOT-INF/lib/typetools-0.6.2.jar  
   extracting: /var/app/staging/BOOT-INF/lib/spring-cloud-function-core-3.0.6.RELEASE.jar  
   extracting: /var/app/staging/BOOT-INF/lib/javax.annotation-api-1.3.2.jar  
   extracting: /var/app/staging/BOOT-INF/lib/spring-integration-kafka-3.2.1.RELEASE.jar  
   extracting: /var/app/staging/BOOT-INF/lib/spring-beans-5.2.6.RELEASE.jar  
   extracting: /var/app/staging/BOOT-INF/lib/spring-boot-starter-data-jpa-2.2.6.RELEASE.jar  
   extracting: /var/app/staging/BOOT-INF/lib/spring-boot-starter-aop-2.2.6.RELEASE.jar  
   extracting: /var/app/staging/BOOT-INF/lib/aspectjweaver-1.9.5.jar  
   extracting: /var/app/staging/BOOT-INF/lib/spring-boot-starter-jdbc-2.2.6.RELEASE.jar  
   extracting: /var/app/staging/BOOT-INF/lib/HikariCP-3.4.2.jar  
   extracting: /var/app/staging/BOOT-INF/lib/jakarta.activation-api-1.2.2.jar  
   extracting: /var/app/staging/BOOT-INF/lib/jakarta.persistence-api-2.2.3.jar  
   extracting: /var/app/staging/BOOT-INF/lib/jakarta.transaction-api-1.3.3.jar  
   extracting: /var/app/staging/BOOT-INF/lib/hibernate-core-5.4.12.Final.jar  
   extracting: /var/app/staging/BOOT-INF/lib/jboss-logging-3.4.1.Final.jar  
   extracting: /var/app/staging/BOOT-INF/lib/javassist-3.24.0-GA.jar  
   extracting: /var/app/staging/BOOT-INF/lib/antlr-2.7.7.jar  
   extracting: /var/app/staging/BOOT-INF/lib/jandex-2.1.1.Final.jar  
   extracting: /var/app/staging/BOOT-INF/lib/classmate-1.5.1.jar  
   extracting: /var/app/staging/BOOT-INF/lib/dom4j-2.1.1.jar  
   extracting: /var/app/staging/BOOT-INF/lib/hibernate-commons-annotations-5.1.0.Final.jar  
   extracting: /var/app/staging/BOOT-INF/lib/jaxb-runtime-2.3.2.jar  
   extracting: /var/app/staging/BOOT-INF/lib/txw2-2.3.2.jar  
   extracting: /var/app/staging/BOOT-INF/lib/istack-commons-runtime-3.0.8.jar  
   extracting: /var/app/staging/BOOT-INF/lib/stax-ex-1.8.1.jar  
   extracting: /var/app/staging/BOOT-INF/lib/FastInfoset-1.2.16.jar  
   extracting: /var/app/staging/BOOT-INF/lib/spring-aspects-5.2.5.RELEASE.jar  
  FileMagic v0.7.1: compiled magic version [5.21] does not match with shared library magic version [5.37]
  Executing: HOME=/tmp /opt/elasticbeanstalk/lib/ruby/bin/ruby /opt/elasticbeanstalk/lib/ruby/bin/foreman export supervisord --procfile /var/app/staging/Procfile --root /var/app/current --app application --log /var/log/ --user webapp --template /opt/elasticbeanstalk/private/config/foreman/supervisord --env /var/elasticbeanstalk/staging/elasticbeanstalk.env /var/elasticbeanstalk/staging/supervisor
  [foreman export] writing: application.conf
  Executing: /opt/elasticbeanstalk/bin/log-conf -n supervisor -l'/var/log/supervisord.log' -t bundlelogs
  
  Executing: /opt/elasticbeanstalk/bin/log-conf -n containerlistener -l'/var/log/eb-container-listener.log' -t bundlelogs
  
[2020-05-04T19:02:11.998Z] INFO  [3059]  - [Application deployment simply shop backend-source@1/StartupStage0/AppDeployPreHook/01_configure_xray.sh] : Starting activity...
[2020-05-04T19:02:12.105Z] INFO  [3059]  - [Application deployment simply shop backend-source@1/StartupStage0/AppDeployPreHook/01_configure_xray.sh] : Completed activity.
[2020-05-04T19:02:12.105Z] INFO  [3059]  - [Application deployment simply shop backend-source@1/StartupStage0/AppDeployPreHook/03_configure_proxy.sh] : Starting activity...
[2020-05-04T19:02:12.284Z] INFO  [3059]  - [Application deployment simply shop backend-source@1/StartupStage0/AppDeployPreHook/03_configure_proxy.sh] : Completed activity. Result:
  Executing: /opt/elasticbeanstalk/bin/log-conf -n nginx -l'/var/log/nginx/*'
  
  Executing: /usr/sbin/nginx -t -c /var/elasticbeanstalk/staging/nginx/nginx.conf
  nginx: the configuration file /var/elasticbeanstalk/staging/nginx/nginx.conf syntax is ok
  nginx: configuration file /var/elasticbeanstalk/staging/nginx/nginx.conf test is successful
[2020-05-04T19:02:12.284Z] INFO  [3059]  - [Application deployment simply shop backend-source@1/StartupStage0/AppDeployPreHook] : Completed activity. Result:
  Successfully execute hooks in directory /opt/elasticbeanstalk/hooks/appdeploy/pre.
[2020-05-04T19:02:12.285Z] INFO  [3059]  - [Application deployment simply shop backend-source@1/StartupStage0/EbExtensionPostBuild] : Starting activity...
[2020-05-04T19:02:12.683Z] INFO  [3059]  - [Application deployment simply shop backend-source@1/StartupStage0/EbExtensionPostBuild/Infra-EmbeddedPostBuild] : Starting activity...
[2020-05-04T19:02:12.683Z] INFO  [3059]  - [Application deployment simply shop backend-source@1/StartupStage0/EbExtensionPostBuild/Infra-EmbeddedPostBuild] : Completed activity.
[2020-05-04T19:02:12.699Z] INFO  [3059]  - [Application deployment simply shop backend-source@1/StartupStage0/EbExtensionPostBuild] : Completed activity.
[2020-05-04T19:02:12.699Z] INFO  [3059]  - [Application deployment simply shop backend-source@1/StartupStage0/InfraCleanEbExtension] : Starting activity...
[2020-05-04T19:02:12.700Z] INFO  [3059]  - [Application deployment simply shop backend-source@1/StartupStage0/InfraCleanEbExtension] : Completed activity. Result:
  Cleaned ebextensions subdirectories from /var/app/staging.
[2020-05-04T19:02:12.700Z] INFO  [3059]  - [Application deployment simply shop backend-source@1/StartupStage0] : Completed activity. Result:
  Application deployment - Command CMD-Startup stage 0 completed
[2020-05-04T19:02:12.700Z] INFO  [3059]  - [Application deployment simply shop backend-source@1/StartupStage1] : Starting activity...
[2020-05-04T19:02:12.700Z] INFO  [3059]  - [Application deployment simply shop backend-source@1/StartupStage1/AppDeployEnactHook] : Starting activity...
[2020-05-04T19:02:12.700Z] INFO  [3059]  - [Application deployment simply shop backend-source@1/StartupStage1/AppDeployEnactHook/01_stop_before_promote.sh] : Starting activity...
[2020-05-04T19:02:13.271Z] INFO  [3059]  - [Application deployment simply shop backend-source@1/StartupStage1/AppDeployEnactHook/01_stop_before_promote.sh] : Completed activity. Result:
  Executing: /usr/local/bin/supervisorctl -c /etc/supervisor/supervisord.conf stop application:*
  unix:///tmp/supervisor.sock no such file
  Executing: /usr/local/bin/supervisorctl -c /etc/supervisor/supervisord.conf stop all
  unix:///tmp/supervisor.sock no such file
  Executing: /sbin/status supervisord
  supervisord stop/waiting
[2020-05-04T19:02:13.272Z] INFO  [3059]  - [Application deployment simply shop backend-source@1/StartupStage1/AppDeployEnactHook/01stop_xray.sh] : Starting activity...
[2020-05-04T19:02:15.391Z] INFO  [3059]  - [Application deployment simply shop backend-source@1/StartupStage1/AppDeployEnactHook/01stop_xray.sh] : Completed activity. Result:
  Executing: if ( initctl status xray | grep start ); then initctl stop xray; fi
  xray start/running, process 2257
  xray stop/waiting
[2020-05-04T19:02:15.391Z] INFO  [3059]  - [Application deployment simply shop backend-source@1/StartupStage1/AppDeployEnactHook/02start_xray.sh] : Starting activity...
[2020-05-04T19:02:15.498Z] INFO  [3059]  - [Application deployment simply shop backend-source@1/StartupStage1/AppDeployEnactHook/02start_xray.sh] : Completed activity.
[2020-05-04T19:02:15.498Z] INFO  [3059]  - [Application deployment simply shop backend-source@1/StartupStage1/AppDeployEnactHook/03_stop_proxy.sh] : Starting activity...
[2020-05-04T19:02:15.616Z] INFO  [3059]  - [Application deployment simply shop backend-source@1/StartupStage1/AppDeployEnactHook/03_stop_proxy.sh] : Completed activity. Result:
  Executing: service nginx stop
  
[2020-05-04T19:02:15.616Z] INFO  [3059]  - [Application deployment simply shop backend-source@1/StartupStage1/AppDeployEnactHook/05_promote_application.sh] : Starting activity...
[2020-05-04T19:02:15.714Z] INFO  [3059]  - [Application deployment simply shop backend-source@1/StartupStage1/AppDeployEnactHook/05_promote_application.sh] : Completed activity.
[2020-05-04T19:02:15.714Z] INFO  [3059]  - [Application deployment simply shop backend-source@1/StartupStage1/AppDeployEnactHook/07_start_application.sh] : Starting activity...
[2020-05-04T19:02:15.818Z] INFO  [3059]  - [Application deployment simply shop backend-source@1/StartupStage1/AppDeployEnactHook/07_start_application.sh] : Completed activity. Result:
  Executing: /sbin/start supervisord
  supervisord start/running, process 3213
[2020-05-04T19:02:15.819Z] INFO  [3059]  - [Application deployment simply shop backend-source@1/StartupStage1/AppDeployEnactHook/09_start_proxy.sh] : Starting activity...
[2020-05-04T19:02:18.413Z] INFO  [3059]  - [Application deployment simply shop backend-source@1/StartupStage1/AppDeployEnactHook/09_start_proxy.sh] : Completed activity. Result:
  Executing: service nginx stop
  
  Executing: service nginx start
  Starting nginx: [  OK  ]
  Executing: /opt/elasticbeanstalk/bin/healthd-track-pidfile --proxy nginx
  
  Executing: /opt/elasticbeanstalk/bin/healthd-configure --appstat-log-path /var/log/nginx/healthd/application.log --appstat-unit sec --appstat-timestamp-on 'completion'
  
  Executing: /opt/elasticbeanstalk/bin/healthd-restart
  
[2020-05-04T19:02:18.414Z] INFO  [3059]  - [Application deployment simply shop backend-source@1/StartupStage1/AppDeployEnactHook/11_stop_after_promote.sh] : Starting activity...
[2020-05-04T19:02:18.620Z] INFO  [3059]  - [Application deployment simply shop backend-source@1/StartupStage1/AppDeployEnactHook/11_stop_after_promote.sh] : Completed activity.
[2020-05-04T19:02:18.621Z] INFO  [3059]  - [Application deployment simply shop backend-source@1/StartupStage1/AppDeployEnactHook] : Completed activity. Result:
  Successfully execute hooks in directory /opt/elasticbeanstalk/hooks/appdeploy/enact.
[2020-05-04T19:02:18.621Z] INFO  [3059]  - [Application deployment simply shop backend-source@1/StartupStage1/AppDeployPostHook] : Starting activity...
[2020-05-04T19:02:18.621Z] INFO  [3059]  - [Application deployment simply shop backend-source@1/StartupStage1/AppDeployPostHook] : Completed activity. Result:
  Successfully execute hooks in directory /opt/elasticbeanstalk/hooks/appdeploy/post.
[2020-05-04T19:02:18.621Z] INFO  [3059]  - [Application deployment simply shop backend-source@1/StartupStage1/PostInitHook] : Starting activity...
[2020-05-04T19:02:18.621Z] INFO  [3059]  - [Application deployment simply shop backend-source@1/StartupStage1/PostInitHook] : Completed activity. Result:
  Successfully execute hooks in directory /opt/elasticbeanstalk/hooks/postinit.
[2020-05-04T19:02:18.621Z] INFO  [3059]  - [Application deployment simply shop backend-source@1/StartupStage1] : Completed activity. Result:
  Application deployment - Command CMD-Startup stage 1 completed
[2020-05-04T19:02:18.621Z] INFO  [3059]  - [Application deployment simply shop backend-source@1/AddonsAfter] : Starting activity...
[2020-05-04T19:02:18.621Z] INFO  [3059]  - [Application deployment simply shop backend-source@1/AddonsAfter/ConfigLogRotation] : Starting activity...
[2020-05-04T19:02:18.621Z] INFO  [3059]  - [Application deployment simply shop backend-source@1/AddonsAfter/ConfigLogRotation/10-config.sh] : Starting activity...
[2020-05-04T19:02:18.962Z] INFO  [3059]  - [Application deployment simply shop backend-source@1/AddonsAfter/ConfigLogRotation/10-config.sh] : Completed activity. Result:
  Disabled forced hourly log rotation.
[2020-05-04T19:02:18.962Z] INFO  [3059]  - [Application deployment simply shop backend-source@1/AddonsAfter/ConfigLogRotation] : Completed activity. Result:
  Successfully execute hooks in directory /opt/elasticbeanstalk/addons/logpublish/hooks/config.
[2020-05-04T19:02:18.962Z] INFO  [3059]  - [Application deployment simply shop backend-source@1/AddonsAfter] : Completed activity.
[2020-05-04T19:02:18.962Z] INFO  [3059]  - [Application deployment simply shop backend-source@1] : Completed activity. Result:
  Application deployment - Command CMD-Startup succeeded
[2020-05-04T19:05:49.308Z] INFO  [3469]  - [Configuration update simply shop backend-source@2] : Starting activity...
[2020-05-04T19:05:49.309Z] INFO  [3469]  - [Configuration update simply shop backend-source@2/AddonsBefore] : Starting activity...
[2020-05-04T19:05:49.309Z] INFO  [3469]  - [Configuration update simply shop backend-source@2/AddonsBefore/ConfigCWLAgent] : Starting activity...
[2020-05-04T19:05:49.309Z] INFO  [3469]  - [Configuration update simply shop backend-source@2/AddonsBefore/ConfigCWLAgent/10-config.sh] : Starting activity...
[2020-05-04T19:05:49.431Z] INFO  [3469]  - [Configuration update simply shop backend-source@2/AddonsBefore/ConfigCWLAgent/10-config.sh] : Completed activity. Result:
  Log streaming option setting is not specified, ignore cloudwatch logs setup.
  
  Disabled log streaming.
[2020-05-04T19:05:49.431Z] INFO  [3469]  - [Configuration update simply shop backend-source@2/AddonsBefore/ConfigCWLAgent] : Completed activity. Result:
  Successfully execute hooks in directory /opt/elasticbeanstalk/addons/logstreaming/hooks/config.
[2020-05-04T19:05:49.431Z] INFO  [3469]  - [Configuration update simply shop backend-source@2/AddonsBefore] : Completed activity.
[2020-05-04T19:05:49.431Z] INFO  [3469]  - [Configuration update simply shop backend-source@2/ConfigDeployStage0] : Starting activity...
[2020-05-04T19:05:49.432Z] INFO  [3469]  - [Configuration update simply shop backend-source@2/ConfigDeployStage0/ConfigDeployPreHook] : Starting activity...
[2020-05-04T19:05:49.432Z] INFO  [3469]  - [Configuration update simply shop backend-source@2/ConfigDeployStage0/ConfigDeployPreHook/01_configure_application.sh] : Starting activity...
[2020-05-04T19:05:51.466Z] INFO  [3469]  - [Configuration update simply shop backend-source@2/ConfigDeployStage0/ConfigDeployPreHook/01_configure_application.sh] : Completed activity. Result:
  Executing: /usr/bin/unzip -o -d /var/app/staging /opt/elasticbeanstalk/deploy/appsource/source_bundle
  Archive:  /opt/elasticbeanstalk/deploy/appsource/source_bundle
     creating: /var/app/staging/META-INF/
    inflating: /var/app/staging/META-INF/MANIFEST.MF  
     creating: /var/app/staging/org/
     creating: /var/app/staging/org/springframework/
     creating: /var/app/staging/org/springframework/boot/
     creating: /var/app/staging/org/springframework/boot/loader/
    inflating: /var/app/staging/org/springframework/boot/loader/JarLauncher.class  
     creating: /var/app/staging/org/springframework/boot/loader/data/
    inflating: /var/app/staging/org/springframework/boot/loader/data/RandomAccessDataFile.class  
     creating: /var/app/staging/org/springframework/boot/loader/archive/
    inflating: /var/app/staging/org/springframework/boot/loader/archive/ExplodedArchive$FileEntry.class  
    inflating: /var/app/staging/org/springframework/boot/loader/archive/ExplodedArchive$FileEntryIterator.class  
     creating: /var/app/staging/org/springframework/boot/loader/jar/
    inflating: /var/app/staging/org/springframework/boot/loader/jar/CentralDirectoryEndRecord$Zip64End.class  
    inflating: /var/app/staging/org/springframework/boot/loader/jar/CentralDirectoryEndRecord.class  
    inflating: /var/app/staging/org/springframework/boot/loader/jar/JarURLConnection.class  
    inflating: /var/app/staging/org/springframework/boot/loader/jar/Bytes.class  
    inflating: /var/app/staging/org/springframework/boot/loader/jar/JarFileEntries$1.class  
    inflating: /var/app/staging/org/springframework/boot/loader/jar/FileHeader.class  
    inflating: /var/app/staging/org/springframework/boot/loader/MainMethodRunner.class  
    inflating: /var/app/staging/org/springframework/boot/loader/data/RandomAccessDataFile$DataInputStream.class  
    inflating: /var/app/staging/org/springframework/boot/loader/LaunchedURLClassLoader.class  
    inflating: /var/app/staging/org/springframework/boot/loader/archive/ExplodedArchive.class  
    inflating: /var/app/staging/org/springframework/boot/loader/jar/JarURLConnection$JarEntryName.class  
    inflating: /var/app/staging/org/springframework/boot/loader/Launcher.class  
    inflating: /var/app/staging/org/springframework/boot/loader/PropertiesLauncher$1.class  
    inflating: /var/app/staging/org/springframework/boot/loader/LaunchedURLClassLoader$UseFastConnectionExceptionsEnumeration.class  
    inflating: /var/app/staging/org/springframework/boot/loader/WarLauncher.class  
    inflating: /var/app/staging/org/springframework/boot/loader/archive/JarFileArchive.class  
    inflating: /var/app/staging/org/springframework/boot/loader/jar/JarFileEntries$EntryIterator.class  
    inflating: /var/app/staging/org/springframework/boot/loader/jar/JarFile.class  
    inflating: /var/app/staging/org/springframework/boot/loader/ExecutableArchiveLauncher.class  
    inflating: /var/app/staging/org/springframework/boot/loader/data/RandomAccessDataFile$1.class  
    inflating: /var/app/staging/org/springframework/boot/loader/PropertiesLauncher.class  
    inflating: /var/app/staging/org/springframework/boot/loader/jar/JarEntryFilter.class  
    inflating: /var/app/staging/org/springframework/boot/loader/jar/JarFile$1.class  
    inflating: /var/app/staging/org/springframework/boot/loader/jar/CentralDirectoryEndRecord$Zip64Locator.class  
    inflating: /var/app/staging/org/springframework/boot/loader/jar/JarURLConnection$2.class  
    inflating: /var/app/staging/org/springframework/boot/loader/jar/JarEntry.class  
    inflating: /var/app/staging/org/springframework/boot/loader/jar/CentralDirectoryFileHeader.class  
    inflating: /var/app/staging/org/springframework/boot/loader/PropertiesLauncher$PrefixMatchingArchiveFilter.class  
    inflating: /var/app/staging/org/springframework/boot/loader/PropertiesLauncher$ArchiveEntryFilter.class  
    inflating: /var/app/staging/org/springframework/boot/loader/archive/Archive$EntryFilter.class  
    inflating: /var/app/staging/org/springframework/boot/loader/archive/JarFileArchive$JarFileEntry.class  
    inflating: /var/app/staging/org/springframework/boot/loader/archive/Archive$Entry.class  
    inflating: /var/app/staging/org/springframework/boot/loader/archive/ExplodedArchive$FileEntryIterator$EntryComparator.class  
    inflating: /var/app/staging/org/springframework/boot/loader/jar/JarFile$2.class  
    inflating: /var/app/staging/org/springframework/boot/loader/jar/StringSequence.class  
    inflating: /var/app/staging/org/springframework/boot/loader/jar/CentralDirectoryParser.class  
    inflating: /var/app/staging/org/springframework/boot/loader/jar/JarFileEntries.class  
     creating: /var/app/staging/org/springframework/boot/loader/util/
    inflating: /var/app/staging/org/springframework/boot/loader/util/SystemPropertyUtils.class  
    inflating: /var/app/staging/org/springframework/boot/loader/jar/Handler.class  
    inflating: /var/app/staging/org/springframework/boot/loader/jar/AsciiBytes.class  
    inflating: /var/app/staging/org/springframework/boot/loader/data/RandomAccessData.class  
    inflating: /var/app/staging/org/springframework/boot/loader/archive/JarFileArchive$EntryIterator.class  
    inflating: /var/app/staging/org/springframework/boot/loader/archive/Archive.class  
    inflating: /var/app/staging/org/springframework/boot/loader/archive/ExplodedArchive$1.class  
    inflating: /var/app/staging/org/springframework/boot/loader/jar/JarURLConnection$1.class  
    inflating: /var/app/staging/org/springframework/boot/loader/jar/CentralDirectoryVisitor.class  
    inflating: /var/app/staging/org/springframework/boot/loader/jar/JarFile$JarFileType.class  
    inflating: /var/app/staging/org/springframework/boot/loader/jar/JarURLConnection$CloseAction.class  
    inflating: /var/app/staging/org/springframework/boot/loader/jar/ZipInflaterInputStream.class  
    inflating: /var/app/staging/org/springframework/boot/loader/jar/CentralDirectoryEndRecord$1.class  
    inflating: /var/app/staging/org/springframework/boot/loader/data/RandomAccessDataFile$FileAccess.class  
     creating: /var/app/staging/BOOT-INF/
     creating: /var/app/staging/BOOT-INF/classes/
     creating: /var/app/staging/BOOT-INF/classes/stuff_unimplemented/
     creating: /var/app/staging/BOOT-INF/classes/stuff_unimplemented/session/
     creating: /var/app/staging/META-INF/maven/
     creating: /var/app/staging/META-INF/maven/com.example/
     creating: /var/app/staging/META-INF/maven/com.example/173Project/
     creating: /var/app/staging/BOOT-INF/classes/static/
     creating: /var/app/staging/BOOT-INF/classes/com/
     creating: /var/app/staging/BOOT-INF/classes/com/example/
     creating: /var/app/staging/BOOT-INF/classes/com/example/demo/
     creating: /var/app/staging/BOOT-INF/classes/com/example/demo/config/
     creating: /var/app/staging/BOOT-INF/classes/com/example/demo/model/
     creating: /var/app/staging/BOOT-INF/classes/com/example/repository/
     creating: /var/app/staging/BOOT-INF/classes/com/example/model/
     creating: /var/app/staging/BOOT-INF/classes/com/example/mysqlcommands/
     creating: /var/app/staging/BOOT-INF/classes/com/example/service/
     creating: /var/app/staging/BOOT-INF/classes/com/example/controllers/
    inflating: /var/app/staging/BOOT-INF/classes/applications.yml  
    inflating: /var/app/staging/BOOT-INF/classes/stuff_unimplemented/RegisterController.class  
    inflating: /var/app/staging/BOOT-INF/classes/stuff_unimplemented/CartService.class  
    inflating: /var/app/staging/BOOT-INF/classes/stuff_unimplemented/OrderInformation.class  
    inflating: /var/app/staging/BOOT-INF/classes/stuff_unimplemented/Cart.class  
    inflating: /var/app/staging/BOOT-INF/classes/stuff_unimplemented/session/CurrentCart.class  
    inflating: /var/app/staging/META-INF/maven/com.example/173Project/pom.xml  
    inflating: /var/app/staging/BOOT-INF/classes/com/example/demo/MainController.class  
    inflating: /var/app/staging/BOOT-INF/classes/com/example/demo/model/Order.class  
    inflating: /var/app/staging/BOOT-INF/classes/com/example/demo/model/OrderInformation.class  
    inflating: /var/app/staging/BOOT-INF/classes/com/example/repository/UserRepository.class  
    inflating: /var/app/staging/BOOT-INF/classes/com/example/model/User.class  
    inflating: /var/app/staging/BOOT-INF/classes/com/example/service/ItemService.class  
    inflating: /var/app/staging/BOOT-INF/classes/application.properties  
    inflating: /var/app/staging/BOOT-INF/classes/stuff_unimplemented/UserServiceImpl.class  
    inflating: /var/app/staging/BOOT-INF/classes/com/example/demo/ItemController.class  
    inflating: /var/app/staging/BOOT-INF/classes/com/example/model/Item.class  
    inflating: /var/app/staging/BOOT-INF/classes/com/example/service/ItemImageService.class  
    inflating: /var/app/staging/BOOT-INF/classes/stuff_unimplemented/Order.class  
    inflating: /var/app/staging/META-INF/maven/com.example/173Project/pom.properties  
    inflating: /var/app/staging/BOOT-INF/classes/com/example/demo/config/S3Config.class  
    inflating: /var/app/staging/BOOT-INF/classes/com/example/demo/model/ItemImage.class  
    inflating: /var/app/staging/BOOT-INF/classes/com/example/demo/model/User.class  
    inflating: /var/app/staging/BOOT-INF/classes/com/example/demo/Application.class  
    inflating: /var/app/staging/BOOT-INF/classes/com/example/repository/ItemRepository.class  
    inflating: /var/app/staging/BOOT-INF/classes/com/example/mysqlcommands/ModifyDB.class  
    inflating: /var/app/staging/BOOT-INF/classes/com/example/service/CartService.class  
    inflating: /var/app/staging/BOOT-INF/classes/aws-config.xml  
    inflating: /var/app/staging/BOOT-INF/classes/static/accessKeys.csv  
    inflating: /var/app/staging/BOOT-INF/classes/com/example/demo/model/Item.class  
    inflating: /var/app/staging/BOOT-INF/classes/com/example/demo/model/Cart.class  
    inflating: /var/app/staging/BOOT-INF/classes/com/example/demo/UserController.class  
    inflating: /var/app/staging/BOOT-INF/classes/com/example/service/UserService.class  
    inflating: /var/app/staging/BOOT-INF/classes/com/example/service/UserServiceImpl.class  
    inflating: /var/app/staging/BOOT-INF/classes/com/example/controllers/RegisterController.class  
     creating: /var/app/staging/BOOT-INF/lib/
   extracting: /var/app/staging/BOOT-INF/lib/spring-boot-starter-web-2.2.6.RELEASE.jar  
   extracting: /var/app/staging/BOOT-INF/lib/spring-boot-starter-2.2.6.RELEASE.jar  
   extracting: /var/app/staging/BOOT-INF/lib/spring-boot-2.2.6.RELEASE.jar  
   extracting: /var/app/staging/BOOT-INF/lib/spring-boot-autoconfigure-2.2.6.RELEASE.jar  
   extracting: /var/app/staging/BOOT-INF/lib/spring-boot-starter-logging-2.2.6.RELEASE.jar  
   extracting: /var/app/staging/BOOT-INF/lib/logback-classic-1.2.3.jar  
   extracting: /var/app/staging/BOOT-INF/lib/logback-core-1.2.3.jar  
   extracting: /var/app/staging/BOOT-INF/lib/log4j-to-slf4j-2.12.1.jar  
   extracting: /var/app/staging/BOOT-INF/lib/log4j-api-2.12.1.jar  
   extracting: /var/app/staging/BOOT-INF/lib/jul-to-slf4j-1.7.30.jar  
   extracting: /var/app/staging/BOOT-INF/lib/jakarta.annotation-api-1.3.5.jar  
   extracting: /var/app/staging/BOOT-INF/lib/snakeyaml-1.25.jar  
   extracting: /var/app/staging/BOOT-INF/lib/spring-boot-starter-json-2.2.6.RELEASE.jar  
   extracting: /var/app/staging/BOOT-INF/lib/jackson-databind-2.10.3.jar  
   extracting: /var/app/staging/BOOT-INF/lib/jackson-annotations-2.10.3.jar  
   extracting: /var/app/staging/BOOT-INF/lib/jackson-core-2.10.3.jar  
   extracting: /var/app/staging/BOOT-INF/lib/jackson-datatype-jdk8-2.10.3.jar  
   extracting: /var/app/staging/BOOT-INF/lib/jackson-datatype-jsr310-2.10.3.jar  
   extracting: /var/app/staging/BOOT-INF/lib/jackson-module-parameter-names-2.10.3.jar  
   extracting: /var/app/staging/BOOT-INF/lib/spring-boot-starter-tomcat-2.2.6.RELEASE.jar  
   extracting: /var/app/staging/BOOT-INF/lib/tomcat-embed-core-9.0.33.jar  
   extracting: /var/app/staging/BOOT-INF/lib/tomcat-embed-el-9.0.33.jar  
   extracting: /var/app/staging/BOOT-INF/lib/tomcat-embed-websocket-9.0.33.jar  
   extracting: /var/app/staging/BOOT-INF/lib/spring-boot-starter-validation-2.2.6.RELEASE.jar  
   extracting: /var/app/staging/BOOT-INF/lib/jakarta.validation-api-2.0.2.jar  
   extracting: /var/app/staging/BOOT-INF/lib/hibernate-validator-6.0.18.Final.jar  
   extracting: /var/app/staging/BOOT-INF/lib/spring-webmvc-5.2.5.RELEASE.jar  
   extracting: /var/app/staging/BOOT-INF/lib/spring-expression-5.2.5.RELEASE.jar  
   extracting: /var/app/staging/BOOT-INF/lib/kafka-streams-2.3.1.jar  
   extracting: /var/app/staging/BOOT-INF/lib/kafka-clients-2.3.1.jar  
   extracting: /var/app/staging/BOOT-INF/lib/zstd-jni-1.4.0-1.jar  
   extracting: /var/app/staging/BOOT-INF/lib/lz4-java-1.6.0.jar  
   extracting: /var/app/staging/BOOT-INF/lib/snappy-java-1.1.7.3.jar  
   extracting: /var/app/staging/BOOT-INF/lib/connect-json-2.3.1.jar  
   extracting: /var/app/staging/BOOT-INF/lib/connect-api-2.3.1.jar  
   extracting: /var/app/staging/BOOT-INF/lib/slf4j-api-1.7.30.jar  
   extracting: /var/app/staging/BOOT-INF/lib/rocksdbjni-5.18.3.jar  
   extracting: /var/app/staging/BOOT-INF/lib/spring-kafka-2.4.6.RELEASE.jar  
   extracting: /var/app/staging/BOOT-INF/lib/spring-retry-1.2.5.RELEASE.jar  
   extracting: /var/app/staging/BOOT-INF/lib/spring-context-5.2.5.RELEASE.jar  
   extracting: /var/app/staging/BOOT-INF/lib/spring-messaging-5.2.5.RELEASE.jar  
   extracting: /var/app/staging/BOOT-INF/lib/spring-tx-5.2.5.RELEASE.jar  
   extracting: /var/app/staging/BOOT-INF/lib/jakarta.xml.bind-api-2.3.3.jar  
   extracting: /var/app/staging/BOOT-INF/lib/byte-buddy-1.10.8.jar  
   extracting: /var/app/staging/BOOT-INF/lib/spring-core-5.2.5.RELEASE.jar  
   extracting: /var/app/staging/BOOT-INF/lib/spring-jcl-5.2.5.RELEASE.jar  
   extracting: /var/app/staging/BOOT-INF/lib/javax.persistence-api-2.2.jar  
   extracting: /var/app/staging/BOOT-INF/lib/spring-data-commons-2.2.7.RELEASE.jar  
   extracting: /var/app/staging/BOOT-INF/lib/spring-data-jpa-2.2.7.RELEASE.jar  
   extracting: /var/app/staging/BOOT-INF/lib/spring-orm-5.2.5.RELEASE.jar  
   extracting: /var/app/staging/BOOT-INF/lib/spring-jdbc-5.2.5.RELEASE.jar  
   extracting: /var/app/staging/BOOT-INF/lib/spring-aop-5.2.5.RELEASE.jar  
   extracting: /var/app/staging/BOOT-INF/lib/aspectjrt-1.9.5.jar  
   extracting: /var/app/staging/BOOT-INF/lib/joda-time-2.10.6.jar  
   extracting: /var/app/staging/BOOT-INF/lib/aws-java-sdk-1.11.133.jar  
   extracting: /var/app/staging/BOOT-INF/lib/aws-java-sdk-athena-1.11.133.jar  
   extracting: /var/app/staging/BOOT-INF/lib/jmespath-java-1.11.133.jar  
   extracting: /var/app/staging/BOOT-INF/lib/aws-java-sdk-marketplaceentitlement-1.11.133.jar  
   extracting: /var/app/staging/BOOT-INF/lib/aws-java-sdk-codestar-1.11.133.jar  
   extracting: /var/app/staging/BOOT-INF/lib/aws-java-sdk-lexmodelbuilding-1.11.133.jar  
   extracting: /var/app/staging/BOOT-INF/lib/aws-java-sdk-resourcegroupstaggingapi-1.11.133.jar  
   extracting: /var/app/staging/BOOT-INF/lib/aws-java-sdk-pinpoint-1.11.133.jar  
   extracting: /var/app/staging/BOOT-INF/lib/aws-java-sdk-xray-1.11.133.jar  
   extracting: /var/app/staging/BOOT-INF/lib/aws-java-sdk-opsworkscm-1.11.133.jar  
   extracting: /var/app/staging/BOOT-INF/lib/aws-java-sdk-support-1.11.133.jar  
   extracting: /var/app/staging/BOOT-INF/lib/aws-java-sdk-simpledb-1.11.133.jar  
   extracting: /var/app/staging/BOOT-INF/lib/aws-java-sdk-servicecatalog-1.11.133.jar  
   extracting: /var/app/staging/BOOT-INF/lib/aws-java-sdk-servermigration-1.11.133.jar  
   extracting: /var/app/staging/BOOT-INF/lib/aws-java-sdk-simpleworkflow-1.11.133.jar  
   extracting: /var/app/staging/BOOT-INF/lib/aws-java-sdk-storagegateway-1.11.133.jar  
   extracting: /var/app/staging/BOOT-INF/lib/aws-java-sdk-route53-1.11.133.jar  
   extracting: /var/app/staging/BOOT-INF/lib/aws-java-sdk-s3-1.11.133.jar  
   extracting: /var/app/staging/BOOT-INF/lib/aws-java-sdk-importexport-1.11.133.jar  
   extracting: /var/app/staging/BOOT-INF/lib/aws-java-sdk-sts-1.11.133.jar  
   extracting: /var/app/staging/BOOT-INF/lib/aws-java-sdk-sqs-1.11.133.jar  
   extracting: /var/app/staging/BOOT-INF/lib/aws-java-sdk-rds-1.11.133.jar  
   extracting: /var/app/staging/BOOT-INF/lib/aws-java-sdk-redshift-1.11.133.jar  
   extracting: /var/app/staging/BOOT-INF/lib/aws-java-sdk-elasticbeanstalk-1.11.133.jar  
   extracting: /var/app/staging/BOOT-INF/lib/aws-java-sdk-glacier-1.11.133.jar  
   extracting: /var/app/staging/BOOT-INF/lib/aws-java-sdk-iam-1.11.133.jar  
   extracting: /var/app/staging/BOOT-INF/lib/aws-java-sdk-datapipeline-1.11.133.jar  
   extracting: /var/app/staging/BOOT-INF/lib/aws-java-sdk-elasticloadbalancing-1.11.133.jar  
   extracting: /var/app/staging/BOOT-INF/lib/aws-java-sdk-elasticloadbalancingv2-1.11.133.jar  
   extracting: /var/app/staging/BOOT-INF/lib/aws-java-sdk-emr-1.11.133.jar  
   extracting: /var/app/staging/BOOT-INF/lib/aws-java-sdk-elasticache-1.11.133.jar  
   extracting: /var/app/staging/BOOT-INF/lib/aws-java-sdk-elastictranscoder-1.11.133.jar  
   extracting: /var/app/staging/BOOT-INF/lib/aws-java-sdk-ec2-1.11.133.jar  
   extracting: /var/app/staging/BOOT-INF/lib/aws-java-sdk-dynamodb-1.11.133.jar  
   extracting: /var/app/staging/BOOT-INF/lib/aws-java-sdk-sns-1.11.133.jar  
   extracting: /var/app/staging/BOOT-INF/lib/aws-java-sdk-budgets-1.11.133.jar  
   extracting: /var/app/staging/BOOT-INF/lib/aws-java-sdk-cloudtrail-1.11.133.jar  
   extracting: /var/app/staging/BOOT-INF/lib/aws-java-sdk-cloudwatch-1.11.133.jar  
   extracting: /var/app/staging/BOOT-INF/lib/aws-java-sdk-logs-1.11.133.jar  
   extracting: /var/app/staging/BOOT-INF/lib/aws-java-sdk-events-1.11.133.jar  
   extracting: /var/app/staging/BOOT-INF/lib/aws-java-sdk-cognitoidentity-1.11.133.jar  
   extracting: /var/app/staging/BOOT-INF/lib/aws-java-sdk-cognitosync-1.11.133.jar  
   extracting: /var/app/staging/BOOT-INF/lib/aws-java-sdk-directconnect-1.11.133.jar  
   extracting: /var/app/staging/BOOT-INF/lib/aws-java-sdk-cloudformation-1.11.133.jar  
   extracting: /var/app/staging/BOOT-INF/lib/aws-java-sdk-cloudfront-1.11.133.jar  
   extracting: /var/app/staging/BOOT-INF/lib/aws-java-sdk-clouddirectory-1.11.133.jar  
   extracting: /var/app/staging/BOOT-INF/lib/aws-java-sdk-kinesis-1.11.133.jar  
   extracting: /var/app/staging/BOOT-INF/lib/aws-java-sdk-opsworks-1.11.133.jar  
   extracting: /var/app/staging/BOOT-INF/lib/aws-java-sdk-ses-1.11.133.jar  
   extracting: /var/app/staging/BOOT-INF/lib/aws-java-sdk-autoscaling-1.11.133.jar  
   extracting: /var/app/staging/BOOT-INF/lib/aws-java-sdk-cloudsearch-1.11.133.jar  
   extracting: /var/app/staging/BOOT-INF/lib/aws-java-sdk-cloudwatchmetrics-1.11.133.jar  
   extracting: /var/app/staging/BOOT-INF/lib/aws-java-sdk-codedeploy-1.11.133.jar  
   extracting: /var/app/staging/BOOT-INF/lib/aws-java-sdk-codepipeline-1.11.133.jar  
   extracting: /var/app/staging/BOOT-INF/lib/aws-java-sdk-kms-1.11.133.jar  
   extracting: /var/app/staging/BOOT-INF/lib/aws-java-sdk-config-1.11.133.jar  
   extracting: /var/app/staging/BOOT-INF/lib/aws-java-sdk-lambda-1.11.133.jar  
   extracting: /var/app/staging/BOOT-INF/lib/aws-java-sdk-ecs-1.11.133.jar  
   extracting: /var/app/staging/BOOT-INF/lib/aws-java-sdk-ecr-1.11.133.jar  
   extracting: /var/app/staging/BOOT-INF/lib/aws-java-sdk-cloudhsm-1.11.133.jar  
   extracting: /var/app/staging/BOOT-INF/lib/aws-java-sdk-ssm-1.11.133.jar  
   extracting: /var/app/staging/BOOT-INF/lib/aws-java-sdk-workspaces-1.11.133.jar  
   extracting: /var/app/staging/BOOT-INF/lib/aws-java-sdk-machinelearning-1.11.133.jar  
   extracting: /var/app/staging/BOOT-INF/lib/aws-java-sdk-directory-1.11.133.jar  
   extracting: /var/app/staging/BOOT-INF/lib/aws-java-sdk-efs-1.11.133.jar  
   extracting: /var/app/staging/BOOT-INF/lib/aws-java-sdk-codecommit-1.11.133.jar  
   extracting: /var/app/staging/BOOT-INF/lib/aws-java-sdk-devicefarm-1.11.133.jar  
   extracting: /var/app/staging/BOOT-INF/lib/aws-java-sdk-elasticsearch-1.11.133.jar  
   extracting: /var/app/staging/BOOT-INF/lib/aws-java-sdk-waf-1.11.133.jar  
   extracting: /var/app/staging/BOOT-INF/lib/aws-java-sdk-marketplacecommerceanalytics-1.11.133.jar  
   extracting: /var/app/staging/BOOT-INF/lib/aws-java-sdk-inspector-1.11.133.jar  
   extracting: /var/app/staging/BOOT-INF/lib/aws-java-sdk-iot-1.11.133.jar  
   extracting: /var/app/staging/BOOT-INF/lib/aws-java-sdk-api-gateway-1.11.133.jar  
   extracting: /var/app/staging/BOOT-INF/lib/aws-java-sdk-acm-1.11.133.jar  
   extracting: /var/app/staging/BOOT-INF/lib/aws-java-sdk-gamelift-1.11.133.jar  
   extracting: /var/app/staging/BOOT-INF/lib/aws-java-sdk-dms-1.11.133.jar  
   extracting: /var/app/staging/BOOT-INF/lib/aws-java-sdk-marketplacemeteringservice-1.11.133.jar  
   extracting: /var/app/staging/BOOT-INF/lib/aws-java-sdk-cognitoidp-1.11.133.jar  
   extracting: /var/app/staging/BOOT-INF/lib/aws-java-sdk-discovery-1.11.133.jar  
   extracting: /var/app/staging/BOOT-INF/lib/aws-java-sdk-applicationautoscaling-1.11.133.jar  
   extracting: /var/app/staging/BOOT-INF/lib/aws-java-sdk-snowball-1.11.133.jar  
   extracting: /var/app/staging/BOOT-INF/lib/aws-java-sdk-rekognition-1.11.133.jar  
   extracting: /var/app/staging/BOOT-INF/lib/aws-java-sdk-polly-1.11.133.jar  
   extracting: /var/app/staging/BOOT-INF/lib/aws-java-sdk-lightsail-1.11.133.jar  
   extracting: /var/app/staging/BOOT-INF/lib/aws-java-sdk-stepfunctions-1.11.133.jar  
   extracting: /var/app/staging/BOOT-INF/lib/aws-java-sdk-health-1.11.133.jar  
   extracting: /var/app/staging/BOOT-INF/lib/aws-java-sdk-costandusagereport-1.11.133.jar  
   extracting: /var/app/staging/BOOT-INF/lib/aws-java-sdk-codebuild-1.11.133.jar  
   extracting: /var/app/staging/BOOT-INF/lib/aws-java-sdk-appstream-1.11.133.jar  
   extracting: /var/app/staging/BOOT-INF/lib/aws-java-sdk-shield-1.11.133.jar  
   extracting: /var/app/staging/BOOT-INF/lib/aws-java-sdk-batch-1.11.133.jar  
   extracting: /var/app/staging/BOOT-INF/lib/aws-java-sdk-lex-1.11.133.jar  
   extracting: /var/app/staging/BOOT-INF/lib/aws-java-sdk-mechanicalturkrequester-1.11.133.jar  
   extracting: /var/app/staging/BOOT-INF/lib/aws-java-sdk-organizations-1.11.133.jar  
   extracting: /var/app/staging/BOOT-INF/lib/aws-java-sdk-workdocs-1.11.133.jar  
   extracting: /var/app/staging/BOOT-INF/lib/aws-java-sdk-core-1.11.133.jar  
   extracting: /var/app/staging/BOOT-INF/lib/commons-logging-1.1.3.jar  
   extracting: /var/app/staging/BOOT-INF/lib/httpclient-4.5.12.jar  
   extracting: /var/app/staging/BOOT-INF/lib/httpcore-4.4.13.jar  
   extracting: /var/app/staging/BOOT-INF/lib/commons-codec-1.13.jar  
   extracting: /var/app/staging/BOOT-INF/lib/ion-java-1.0.2.jar  
   extracting: /var/app/staging/BOOT-INF/lib/jackson-dataformat-cbor-2.10.3.jar  
   extracting: /var/app/staging/BOOT-INF/lib/aws-java-sdk-models-1.11.133.jar  
   extracting: /var/app/staging/BOOT-INF/lib/aws-java-sdk-swf-libraries-1.11.22.jar  
   extracting: /var/app/staging/BOOT-INF/lib/mysql-connector-java-8.0.20.jar  
   extracting: /var/app/staging/BOOT-INF/lib/spring-web-5.2.6.RELEASE.jar  
   extracting: /var/app/staging/BOOT-INF/lib/spring-cloud-stream-binder-kafka-streams-3.0.4.RELEASE.jar  
   extracting: /var/app/staging/BOOT-INF/lib/spring-cloud-stream-binder-kafka-core-3.0.4.RELEASE.jar  
   extracting: /var/app/staging/BOOT-INF/lib/spring-cloud-stream-3.0.4.RELEASE.jar  
   extracting: /var/app/staging/BOOT-INF/lib/spring-integration-core-5.2.5.RELEASE.jar  
   extracting: /var/app/staging/BOOT-INF/lib/reactor-core-3.3.4.RELEASE.jar  
   extracting: /var/app/staging/BOOT-INF/lib/reactive-streams-1.0.3.jar  
   extracting: /var/app/staging/BOOT-INF/lib/spring-integration-jmx-5.2.5.RELEASE.jar  
   extracting: /var/app/staging/BOOT-INF/lib/spring-cloud-function-context-3.0.6.RELEASE.jar  
   extracting: /var/app/staging/BOOT-INF/lib/typetools-0.6.2.jar  
   extracting: /var/app/staging/BOOT-INF/lib/spring-cloud-function-core-3.0.6.RELEASE.jar  
   extracting: /var/app/staging/BOOT-INF/lib/javax.annotation-api-1.3.2.jar  
   extracting: /var/app/staging/BOOT-INF/lib/spring-integration-kafka-3.2.1.RELEASE.jar  
   extracting: /var/app/staging/BOOT-INF/lib/spring-beans-5.2.6.RELEASE.jar  
   extracting: /var/app/staging/BOOT-INF/lib/spring-boot-starter-data-jpa-2.2.6.RELEASE.jar  
   extracting: /var/app/staging/BOOT-INF/lib/spring-boot-starter-aop-2.2.6.RELEASE.jar  
   extracting: /var/app/staging/BOOT-INF/lib/aspectjweaver-1.9.5.jar  
   extracting: /var/app/staging/BOOT-INF/lib/spring-boot-starter-jdbc-2.2.6.RELEASE.jar  
   extracting: /var/app/staging/BOOT-INF/lib/HikariCP-3.4.2.jar  
   extracting: /var/app/staging/BOOT-INF/lib/jakarta.activation-api-1.2.2.jar  
   extracting: /var/app/staging/BOOT-INF/lib/jakarta.persistence-api-2.2.3.jar  
   extracting: /var/app/staging/BOOT-INF/lib/jakarta.transaction-api-1.3.3.jar  
   extracting: /var/app/staging/BOOT-INF/lib/hibernate-core-5.4.12.Final.jar  
   extracting: /var/app/staging/BOOT-INF/lib/jboss-logging-3.4.1.Final.jar  
   extracting: /var/app/staging/BOOT-INF/lib/javassist-3.24.0-GA.jar  
   extracting: /var/app/staging/BOOT-INF/lib/antlr-2.7.7.jar  
   extracting: /var/app/staging/BOOT-INF/lib/jandex-2.1.1.Final.jar  
   extracting: /var/app/staging/BOOT-INF/lib/classmate-1.5.1.jar  
   extracting: /var/app/staging/BOOT-INF/lib/dom4j-2.1.1.jar  
   extracting: /var/app/staging/BOOT-INF/lib/hibernate-commons-annotations-5.1.0.Final.jar  
   extracting: /var/app/staging/BOOT-INF/lib/jaxb-runtime-2.3.2.jar  
   extracting: /var/app/staging/BOOT-INF/lib/txw2-2.3.2.jar  
   extracting: /var/app/staging/BOOT-INF/lib/istack-commons-runtime-3.0.8.jar  
   extracting: /var/app/staging/BOOT-INF/lib/stax-ex-1.8.1.jar  
   extracting: /var/app/staging/BOOT-INF/lib/FastInfoset-1.2.16.jar  
   extracting: /var/app/staging/BOOT-INF/lib/spring-aspects-5.2.5.RELEASE.jar  
  FileMagic v0.7.1: compiled magic version [5.21] does not match with shared library magic version [5.37]
  Executing: HOME=/tmp /opt/elasticbeanstalk/lib/ruby/bin/ruby /opt/elasticbeanstalk/lib/ruby/bin/foreman export supervisord --procfile /var/app/staging/Procfile --root /var/app/current --app application --log /var/log/ --user webapp --template /opt/elasticbeanstalk/private/config/foreman/supervisord --env /var/elasticbeanstalk/staging/elasticbeanstalk.env /var/elasticbeanstalk/staging/supervisor
  [foreman export] writing: application.conf
  Executing: /opt/elasticbeanstalk/bin/log-conf -n supervisor -l'/var/log/supervisord.log' -t bundlelogs
  
  Executing: /opt/elasticbeanstalk/bin/log-conf -n containerlistener -l'/var/log/eb-container-listener.log' -t bundlelogs
  
[2020-05-04T19:05:51.466Z] INFO  [3469]  - [Configuration update simply shop backend-source@2/ConfigDeployStage0/ConfigDeployPreHook/01_configure_xray.sh] : Starting activity...
[2020-05-04T19:05:51.575Z] INFO  [3469]  - [Configuration update simply shop backend-source@2/ConfigDeployStage0/ConfigDeployPreHook/01_configure_xray.sh] : Completed activity.
[2020-05-04T19:05:51.575Z] INFO  [3469]  - [Configuration update simply shop backend-source@2/ConfigDeployStage0/ConfigDeployPreHook/03_configure_proxy.sh] : Starting activity...
[2020-05-04T19:05:52.059Z] INFO  [3469]  - [Configuration update simply shop backend-source@2/ConfigDeployStage0/ConfigDeployPreHook/03_configure_proxy.sh] : Completed activity. Result:
  Executing: /opt/elasticbeanstalk/bin/log-conf -n nginx -l'/var/log/nginx/*'
  
  Executing: /usr/sbin/nginx -t -c /var/elasticbeanstalk/staging/nginx/nginx.conf
  nginx: the configuration file /var/elasticbeanstalk/staging/nginx/nginx.conf syntax is ok
  nginx: configuration file /var/elasticbeanstalk/staging/nginx/nginx.conf test is successful
[2020-05-04T19:05:52.059Z] INFO  [3469]  - [Configuration update simply shop backend-source@2/ConfigDeployStage0/ConfigDeployPreHook] : Completed activity. Result:
  Successfully execute hooks in directory /opt/elasticbeanstalk/hooks/configdeploy/pre.
[2020-05-04T19:05:52.059Z] INFO  [3469]  - [Configuration update simply shop backend-source@2/ConfigDeployStage0] : Completed activity. Result:
  Configuration update - Command CMD-ConfigDeploy stage 0 completed
[2020-05-04T19:05:52.059Z] INFO  [3469]  - [Configuration update simply shop backend-source@2/ConfigDeployStage1] : Starting activity...
[2020-05-04T19:05:52.059Z] INFO  [3469]  - [Configuration update simply shop backend-source@2/ConfigDeployStage1/ConfigDeployEnactHook] : Starting activity...
[2020-05-04T19:05:52.060Z] INFO  [3469]  - [Configuration update simply shop backend-source@2/ConfigDeployStage1/ConfigDeployEnactHook/01_stop_before_promote.sh] : Starting activity...
[2020-05-04T19:06:03.701Z] INFO  [3469]  - [Configuration update simply shop backend-source@2/ConfigDeployStage1/ConfigDeployEnactHook/01_stop_before_promote.sh] : Completed activity. Result:
  Executing: /usr/local/bin/supervisorctl -c /etc/supervisor/supervisord.conf stop application:*
  
  Process termination taking longer than 10 seconds.
  Executing: /usr/local/bin/supervisorctl -c /etc/supervisor/supervisord.conf stop all
  listener:supervisor_listener: stopped
  Executing: /sbin/status supervisord
  supervisord start/running, process 3213
  Executing: /sbin/stop supervisord
  supervisord stop/waiting
[2020-05-04T19:06:03.701Z] INFO  [3469]  - [Configuration update simply shop backend-source@2/ConfigDeployStage1/ConfigDeployEnactHook/01stop_xray.sh] : Starting activity...
[2020-05-04T19:06:03.814Z] INFO  [3469]  - [Configuration update simply shop backend-source@2/ConfigDeployStage1/ConfigDeployEnactHook/01stop_xray.sh] : Completed activity. Result:
  Executing: if ( initctl status xray | grep start ); then initctl stop xray; fi
  
[2020-05-04T19:06:03.814Z] INFO  [3469]  - [Configuration update simply shop backend-source@2/ConfigDeployStage1/ConfigDeployEnactHook/02start_xray.sh] : Starting activity...
[2020-05-04T19:06:03.920Z] INFO  [3469]  - [Configuration update simply shop backend-source@2/ConfigDeployStage1/ConfigDeployEnactHook/02start_xray.sh] : Completed activity.
[2020-05-04T19:06:03.920Z] INFO  [3469]  - [Configuration update simply shop backend-source@2/ConfigDeployStage1/ConfigDeployEnactHook/03_stop_proxy.sh] : Starting activity...
[2020-05-04T19:06:04.136Z] INFO  [3469]  - [Configuration update simply shop backend-source@2/ConfigDeployStage1/ConfigDeployEnactHook/03_stop_proxy.sh] : Completed activity. Result:
  Executing: service nginx stop
  Stopping nginx: [  OK  ]
[2020-05-04T19:06:04.137Z] INFO  [3469]  - [Configuration update simply shop backend-source@2/ConfigDeployStage1/ConfigDeployEnactHook/07_start_application.sh] : Starting activity...
[2020-05-04T19:06:04.246Z] INFO  [3469]  - [Configuration update simply shop backend-source@2/ConfigDeployStage1/ConfigDeployEnactHook/07_start_application.sh] : Completed activity. Result:
  Executing: /sbin/start supervisord
  supervisord start/running, process 3634
[2020-05-04T19:06:04.246Z] INFO  [3469]  - [Configuration update simply shop backend-source@2/ConfigDeployStage1/ConfigDeployEnactHook/09_start_proxy.sh] : Starting activity...
[2020-05-04T19:06:06.844Z] INFO  [3469]  - [Configuration update simply shop backend-source@2/ConfigDeployStage1/ConfigDeployEnactHook/09_start_proxy.sh] : Completed activity. Result:
  Executing: service nginx stop
  
  Executing: service nginx start
  Starting nginx: [  OK  ]
  Executing: /opt/elasticbeanstalk/bin/healthd-track-pidfile --proxy nginx
  
  Executing: /opt/elasticbeanstalk/bin/healthd-configure --appstat-log-path /var/log/nginx/healthd/application.log --appstat-unit sec --appstat-timestamp-on 'completion'
  
  Executing: /opt/elasticbeanstalk/bin/healthd-restart
  
[2020-05-04T19:06:06.844Z] INFO  [3469]  - [Configuration update simply shop backend-source@2/ConfigDeployStage1/ConfigDeployEnactHook/11_stop_after_promote.sh] : Starting activity...
[2020-05-04T19:06:07.082Z] INFO  [3469]  - [Configuration update simply shop backend-source@2/ConfigDeployStage1/ConfigDeployEnactHook/11_stop_after_promote.sh] : Completed activity.
[2020-05-04T19:06:07.082Z] INFO  [3469]  - [Configuration update simply shop backend-source@2/ConfigDeployStage1/ConfigDeployEnactHook] : Completed activity. Result:
  Successfully execute hooks in directory /opt/elasticbeanstalk/hooks/configdeploy/enact.
[2020-05-04T19:06:07.082Z] INFO  [3469]  - [Configuration update simply shop backend-source@2/ConfigDeployStage1/ConfigDeployPostHook] : Starting activity...
[2020-05-04T19:06:07.083Z] INFO  [3469]  - [Configuration update simply shop backend-source@2/ConfigDeployStage1/ConfigDeployPostHook] : Completed activity. Result:
  Successfully execute hooks in directory /opt/elasticbeanstalk/hooks/configdeploy/post.
[2020-05-04T19:06:07.083Z] INFO  [3469]  - [Configuration update simply shop backend-source@2/ConfigDeployStage1] : Completed activity. Result:
  Application restart - Command CMD-ConfigDeploy stage 1 completed
[2020-05-04T19:06:07.083Z] INFO  [3469]  - [Configuration update simply shop backend-source@2/AddonsAfter] : Starting activity...
[2020-05-04T19:06:07.083Z] INFO  [3469]  - [Configuration update simply shop backend-source@2/AddonsAfter/ConfigLogRotation] : Starting activity...
[2020-05-04T19:06:07.083Z] INFO  [3469]  - [Configuration update simply shop backend-source@2/AddonsAfter/ConfigLogRotation/10-config.sh] : Starting activity...
[2020-05-04T19:06:07.417Z] INFO  [3469]  - [Configuration update simply shop backend-source@2/AddonsAfter/ConfigLogRotation/10-config.sh] : Completed activity. Result:
  Disabled forced hourly log rotation.
[2020-05-04T19:06:07.417Z] INFO  [3469]  - [Configuration update simply shop backend-source@2/AddonsAfter/ConfigLogRotation] : Completed activity. Result:
  Successfully execute hooks in directory /opt/elasticbeanstalk/addons/logpublish/hooks/config.
[2020-05-04T19:06:07.417Z] INFO  [3469]  - [Configuration update simply shop backend-source@2/AddonsAfter] : Completed activity.
[2020-05-04T19:06:07.417Z] INFO  [3469]  - [Configuration update simply shop backend-source@2] : Completed activity. Result:
  Configuration update - Command CMD-ConfigDeploy succeeded
[2020-05-04T19:07:25.959Z] INFO  [3828]  - [CMD-BundleLogs] : Starting activity...
[2020-05-04T19:07:25.959Z] INFO  [3828]  - [CMD-BundleLogs/AddonsBefore] : Starting activity...
[2020-05-04T19:07:25.959Z] INFO  [3828]  - [CMD-BundleLogs/AddonsBefore] : Completed activity.
[2020-05-04T19:07:25.959Z] INFO  [3828]  - [CMD-BundleLogs/BundleLogs] : Starting activity...
[2020-05-04T19:07:25.959Z] INFO  [3828]  - [CMD-BundleLogs/BundleLogs/BundleLogs] : Starting activity...
