[2020-05-04T19:01:31Z] Started EB User Data
+ SLEEP_TIME=10
+ SLEEP_TIME_MAX=3600
+ true
+ curl https://s3.dualstack.us-west-1.amazonaws.com/elasticbeanstalk-env-resources-us-west-1/stalks/eb_java_1.0.202063.0_1585088866/lib/UserDataScript.sh
  % Total    % Received % Xferd  Average Speed   Time    Time     Time  Current
                                 Dload  Upload   Total   Spent    Left  Speed
  0     0    0     0    0     0      0      0 --:--:-- --:--:-- --:--:--     0100 12536  100 12536    0     0   149k      0 --:--:-- --:--:-- --:--:--  149k
+ RESULT=0
+ [[ 0 -ne 0 ]]
+ /bin/bash /tmp/ebbootstrap.sh https://s3.dualstack.us-west-1.amazonaws.com/elasticbeanstalk-env-resources-us-west-1/stalks/eb_java_1.0.202063.0_1585088866/lib/aws-elasticbeanstalk-tools-1.20-1.noarch.rpm 'https://s3.dualstack.us-west-1.amazonaws.com/elasticbeanstalk-env-resources-us-west-1/stalks/eb_java_1.0.202063.0_1585088866/lib/awseb-ruby-2.2.4-x86_64-20160503_1008.tar.gz https://s3.dualstack.us-west-1.amazonaws.com/elasticbeanstalk-env-resources-us-west-1/stalks/eb_java_1.0.202063.0_1585088866/lib/basehooks.tar.gz' 'https://s3.dualstack.us-west-1.amazonaws.com/elasticbeanstalk-env-resources-us-west-1/stalks/eb_java_1.0.202063.0_1585088866/lib/beanstalk-core-2.12.gem https://s3.dualstack.us-west-1.amazonaws.com/elasticbeanstalk-env-resources-us-west-1/stalks/eb_java_1.0.202063.0_1585088866/lib/beanstalk-core-healthd-1.1.gem https://s3.dualstack.us-west-1.amazonaws.com/elasticbeanstalk-env-resources-us-west-1/stalks/eb_java_1.0.202063.0_1585088866/lib/executor-1.2.gem' 'https://cloudformation-waitcondition-us-west-1.s3-us-west-1.amazonaws.com/arn%3Aaws%3Acloudformation%3Aus-west-1%3A380939088281%3Astack/awseb-e-naxps23d9r-stack/84e19dc0-8e39-11ea-95a4-02476ee9004b/AWSEBInstanceLaunchWaitHandle?X-Amz-Algorithm=AWS4-HMAC-SHA256&X-Amz-Date=20200504T190032Z&X-Amz-SignedHeaders=host&X-Amz-Expires=86399&X-Amz-Credential=AKIAJNCMQWJFN7ZCAYVQ%2F20200504%2Fus-west-1%2Fs3%2Faws4_request&X-Amz-Signature=65a70f7cf2dd152c5df250535713b6cb1db8f27949678d797788a3df6f381d92' arn:aws:cloudformation:us-west-1:380939088281:stack/awseb-e-naxps23d9r-stack/84e19dc0-8e39-11ea-95a4-02476ee9004b us-west-1 eb308d7d16f1 cf221fe9-2621-40e4-a015-dba3ac351494 '' nginx ''
[2020-05-04T19:01:31.538Z] Started EB Bootstrapping Script.
[2020-05-04T19:01:31.593Z] Received parameters:
 RPMS = https://s3.dualstack.us-west-1.amazonaws.com/elasticbeanstalk-env-resources-us-west-1/stalks/eb_java_1.0.202063.0_1585088866/lib/aws-elasticbeanstalk-tools-1.20-1.noarch.rpm
 TARBALLS = https://s3.dualstack.us-west-1.amazonaws.com/elasticbeanstalk-env-resources-us-west-1/stalks/eb_java_1.0.202063.0_1585088866/lib/awseb-ruby-2.2.4-x86_64-20160503_1008.tar.gz https://s3.dualstack.us-west-1.amazonaws.com/elasticbeanstalk-env-resources-us-west-1/stalks/eb_java_1.0.202063.0_1585088866/lib/basehooks.tar.gz
 EB_GEMS = https://s3.dualstack.us-west-1.amazonaws.com/elasticbeanstalk-env-resources-us-west-1/stalks/eb_java_1.0.202063.0_1585088866/lib/beanstalk-core-2.12.gem https://s3.dualstack.us-west-1.amazonaws.com/elasticbeanstalk-env-resources-us-west-1/stalks/eb_java_1.0.202063.0_1585088866/lib/beanstalk-core-healthd-1.1.gem https://s3.dualstack.us-west-1.amazonaws.com/elasticbeanstalk-env-resources-us-west-1/stalks/eb_java_1.0.202063.0_1585088866/lib/executor-1.2.gem
 SIGNAL_URL = https://cloudformation-waitcondition-us-west-1.s3-us-west-1.amazonaws.com/arn%3Aaws%3Acloudformation%3Aus-west-1%3A380939088281%3Astack/awseb-e-naxps23d9r-stack/84e19dc0-8e39-11ea-95a4-02476ee9004b/AWSEBInstanceLaunchWaitHandle?X-Amz-Algorithm=AWS4-HMAC-SHA256&X-Amz-Date=20200504T190032Z&X-Amz-SignedHeaders=host&X-Amz-Expires=86399&X-Amz-Credential=AKIAJNCMQWJFN7ZCAYVQ%2F20200504%2Fus-west-1%2Fs3%2Faws4_request&X-Amz-Signature=65a70f7cf2dd152c5df250535713b6cb1db8f27949678d797788a3df6f381d92
 STACK_ID = arn:aws:cloudformation:us-west-1:380939088281:stack/awseb-e-naxps23d9r-stack/84e19dc0-8e39-11ea-95a4-02476ee9004b
 REGION = us-west-1
 GUID = eb308d7d16f1
 HEALTHD_GROUP_ID = cf221fe9-2621-40e4-a015-dba3ac351494
 HEALTHD_ENDPOINT = 
 PROXY_SERVER = nginx
 HEALTHD_PROXY_LOG_LOCATION =
[2020-05-04T19:01:31.608Z] Synchronizing network time in background.
[2020-05-04T19:01:31.647Z] yum repo has already been locked to eb308d7d16f1.
[2020-05-04T19:01:31.654Z] yum update has already been done.
Shutting down ntpd: [2020-05-04T19:01:31.726Z] Completed creating AWS EB users and groups.
[2020-05-04T19:01:31.728Z] Started executing install_rpms https://s3.dualstack.us-west-1.amazonaws.com/elasticbeanstalk-env-resources-us-west-1/stalks/eb_java_1.0.202063.0_1585088866/lib/aws-elasticbeanstalk-tools-1.20-1.noarch.rpm.
[2020-05-04T19:01:31.729Z] Installing RPM: https://s3.dualstack.us-west-1.amazonaws.com/elasticbeanstalk-env-resources-us-west-1/stalks/eb_java_1.0.202063.0_1585088866/lib/aws-elasticbeanstalk-tools-1.20-1.noarch.rpm.
[  OK  ]
[2020-05-04T19:01:31.868Z] aws-elasticbeanstalk-tools-1.20-1.noarch has already been installed. Skip installing.
[2020-05-04T19:01:31.875Z] Command Returned: 
[2020-05-04T19:01:31.881Z] Completed executing install_rpms.
[2020-05-04T19:01:31.886Z] Started executing install_tarballs https://s3.dualstack.us-west-1.amazonaws.com/elasticbeanstalk-env-resources-us-west-1/stalks/eb_java_1.0.202063.0_1585088866/lib/awseb-ruby-2.2.4-x86_64-20160503_1008.tar.gz https://s3.dualstack.us-west-1.amazonaws.com/elasticbeanstalk-env-resources-us-west-1/stalks/eb_java_1.0.202063.0_1585088866/lib/basehooks.tar.gz.
[2020-05-04T19:01:31.906Z] Installing tarball: https://s3.dualstack.us-west-1.amazonaws.com/elasticbeanstalk-env-resources-us-west-1/stalks/eb_java_1.0.202063.0_1585088866/lib/awseb-ruby-2.2.4-x86_64-20160503_1008.tar.gz.
[2020-05-04T19:01:31.908Z] awseb-ruby-2.2.4-x86_64-20160503_1008.tar.gz has already been installed. Skip installing.
[2020-05-04T19:01:31.909Z] Installing tarball: https://s3.dualstack.us-west-1.amazonaws.com/elasticbeanstalk-env-resources-us-west-1/stalks/eb_java_1.0.202063.0_1585088866/lib/basehooks.tar.gz.
[2020-05-04T19:01:31.985Z] Command Returned: 

2020-05-04 19:01:31 URL:https://s3.dualstack.us-west-1.amazonaws.com/elasticbeanstalk-env-resources-us-west-1/stalks/eb_java_1.0.202063.0_1585088866/lib/basehooks.tar.gz [5885/5885] -> "/tmp/basehooks.tar.gz" [1]
[2020-05-04T19:01:32.009Z] Completed executing install_tarballs.
[2020-05-04T19:01:32.011Z] Started executing install_eb_gems https://s3.dualstack.us-west-1.amazonaws.com/elasticbeanstalk-env-resources-us-west-1/stalks/eb_java_1.0.202063.0_1585088866/lib/beanstalk-core-2.12.gem https://s3.dualstack.us-west-1.amazonaws.com/elasticbeanstalk-env-resources-us-west-1/stalks/eb_java_1.0.202063.0_1585088866/lib/beanstalk-core-healthd-1.1.gem https://s3.dualstack.us-west-1.amazonaws.com/elasticbeanstalk-env-resources-us-west-1/stalks/eb_java_1.0.202063.0_1585088866/lib/executor-1.2.gem.
[2020-05-04T19:01:32.046Z] Installing EB Gem: https://s3.dualstack.us-west-1.amazonaws.com/elasticbeanstalk-env-resources-us-west-1/stalks/eb_java_1.0.202063.0_1585088866/lib/beanstalk-core-2.12.gem.
[2020-05-04T19:01:32.359Z] beanstalk-core-2.12 has already been installed. Skip installing.
[2020-05-04T19:01:32.370Z] Installing EB Gem: https://s3.dualstack.us-west-1.amazonaws.com/elasticbeanstalk-env-resources-us-west-1/stalks/eb_java_1.0.202063.0_1585088866/lib/beanstalk-core-healthd-1.1.gem.
[2020-05-04T19:01:32.555Z] beanstalk-core-healthd-1.1 has already been installed. Skip installing.
[2020-05-04T19:01:32.562Z] Installing EB Gem: https://s3.dualstack.us-west-1.amazonaws.com/elasticbeanstalk-env-resources-us-west-1/stalks/eb_java_1.0.202063.0_1585088866/lib/executor-1.2.gem.
[2020-05-04T19:01:32.744Z] executor-1.2 has already been installed. Skip installing.
[2020-05-04T19:01:32.751Z] Command Returned: 
[2020-05-04T19:01:32.758Z] Completed executing install_eb_gems.
[2020-05-04T19:01:32.764Z] Starting healthd
initctl: Unknown instance: 
healthd start/running, process 2761
[2020-05-04T19:01:32.994Z] First init of instance.
[2020-05-04T19:01:33.002Z] Started executing cfn_init _OnInstanceBoot first_init.
[2020-05-04T19:01:33.011Z] Running cfn-init ConfigSet: _OnInstanceBoot.
[2020-05-04T19:01:33.856Z] Command Returned: 
[2020-05-04T19:01:33.860Z] Completed executing cfn_init.
[2020-05-04T19:01:33.944Z] Check whether controlled by launch workflow...
[2020-05-04T19:01:34.497Z] Worflow running.
[2020-05-04T19:01:34.502Z] Workflow controlled instance. Running container provisioning...
[2020-05-04T19:01:34.507Z] Started executing start_cfn_hup.
[2020-05-04T19:01:34.513Z] Starting cfn-hup.
[2020-05-04T19:01:34.526Z] Command Returned: cfn-hup start/running, process 2840
[2020-05-04T19:01:34.537Z] Completed executing start_cfn_hup.
[2020-05-04T19:01:34.546Z] Started executing run_eb_command { "api_version" : "1.0", "request_id": "0", "command_name": "CMD-PreInit" } .
[2020-05-04T19:01:34.562Z] Running EB Command: { "api_version" : "1.0", "request_id": "0", "command_name": "CMD-PreInit" } .
[2020-05-04T19:01:39.931Z] Command Returned: {"status":"SUCCESS","api_version":"1.0","results":[{"status":"SUCCESS","msg":"","returncode":0,"events":[]}]}
[2020-05-04T19:01:39.942Z] Completed executing run_eb_command.
[2020-05-04T19:01:39.949Z] Successfully bootstrapped instance.
[2020-05-04T19:01:40.049Z] Sending signal 0 to CFN wait condition https://cloudformation-waitcondition-us-west-1.s3-us-west-1.amazonaws.com/arn%3Aaws%3Acloudformation%3Aus-west-1%3A380939088281%3Astack/awseb-e-naxps23d9r-stack/84e19dc0-8e39-11ea-95a4-02476ee9004b/AWSEBInstanceLaunchWaitHandle?X-Amz-Algorithm=AWS4-HMAC-SHA256&X-Amz-Date=20200504T190032Z&X-Amz-SignedHeaders=host&X-Amz-Expires=86399&X-Amz-Credential=AKIAJNCMQWJFN7ZCAYVQ%2F20200504%2Fus-west-1%2Fs3%2Faws4_request&X-Amz-Signature=65a70f7cf2dd152c5df250535713b6cb1db8f27949678d797788a3df6f381d92
CloudFormation signaled successfully with SUCCESS.
[2020-05-04T19:01:40.526Z] Tailing /var/log/eb-commandprocessor.log

******************* eb-commandprocessor taillog *******************
[2020-05-04T19:01:34.873Z] DEBUG [2850]  : Reading config file: /etc/elasticbeanstalk/.aws-eb-stack.properties
[2020-05-04T19:01:34.873Z] DEBUG [2850]  : Checking if the command processor should execute...
[2020-05-04T19:01:34.879Z] DEBUG [2850]  : Checking whether the command is applicable to instance (i-0c986df196ab10e0d)..
[2020-05-04T19:01:34.879Z] INFO  [2850]  : Command is applicable to this instance (i-0c986df196ab10e0d)..
[2020-05-04T19:01:34.879Z] DEBUG [2850]  : Checking if the received command stage is valid..
[2020-05-04T19:01:34.879Z] INFO  [2850]  : No stage_num in command. Valid stage..
[2020-05-04T19:01:34.879Z] INFO  [2850]  : Received command CMD-PreInit: {"api_version"=>"1.0", "request_id"=>"0", "command_name"=>"CMD-PreInit"}
[2020-05-04T19:01:34.879Z] INFO  [2850]  : Command processor should execute command.
[2020-05-04T19:01:34.879Z] DEBUG [2850]  : Storing current stage..
[2020-05-04T19:01:34.879Z] DEBUG [2850]  : Stage_num does not exist. Not saving null stage. Returning..
[2020-05-04T19:01:34.879Z] DEBUG [2850]  : Reading config file: /etc/elasticbeanstalk/.aws-eb-stack.properties
[2020-05-04T19:01:34.879Z] DEBUG [2850]  : Retrieving metadata for key: AWS::ElasticBeanstalk::Ext||_ContainerConfigFileContent||commands..
[2020-05-04T19:01:34.880Z] DEBUG [2850]  : Retrieving metadata for key: AWS::ElasticBeanstalk::Ext||_API||_Commands..
[2020-05-04T19:01:34.880Z] INFO  [2850]  : Found enabled addons: ["logpublish", "logstreaming"].
[2020-05-04T19:01:34.882Z] INFO  [2850]  : Updating Command definition of addon logpublish.
[2020-05-04T19:01:34.882Z] INFO  [2850]  : Updating Command definition of addon logstreaming.
[2020-05-04T19:01:34.882Z] DEBUG [2850]  : Refreshing metadata...
[2020-05-04T19:01:34.882Z] DEBUG [2850]  : Using cached environment metadata.
[2020-05-04T19:01:34.882Z] INFO  [2850]  : Recreated directory /opt/elasticbeanstalk/deploy/configuration/.
[2020-05-04T19:01:34.883Z] DEBUG [2850]  : Retrieving metadata for key: AWS::ElasticBeanstalk::Ext||_AppSourceUrlFileContent||url..
[2020-05-04T19:01:34.883Z] INFO  [2850]  : Created appsource url file at /opt/elasticbeanstalk/deploy/configuration/appsourceurl.
[2020-05-04T19:01:34.883Z] DEBUG [2850]  : Retrieving metadata for key: AWS::ElasticBeanstalk::Ext||_ContainerConfigFileContent..
[2020-05-04T19:01:34.884Z] INFO  [2850]  : Created container config file at /opt/elasticbeanstalk/deploy/configuration/containerconfiguration.
[2020-05-04T19:01:34.884Z] DEBUG [2850]  : Retrieving metadata for key: AWS::ElasticBeanstalk::Ext||_ContainerConfigFileContent||commands..
[2020-05-04T19:01:34.885Z] DEBUG [2850]  : Retrieving metadata for key: AWS::ElasticBeanstalk::Ext||_API||_Commands..
[2020-05-04T19:01:34.890Z] INFO  [2850]  : Found enabled addons: ["logpublish", "logstreaming"].
[2020-05-04T19:01:34.891Z] INFO  [2850]  : Updating Command definition of addon logpublish.
[2020-05-04T19:01:34.891Z] INFO  [2850]  : Updating Command definition of addon logstreaming.
[2020-05-04T19:01:34.891Z] DEBUG [2850]  : Retrieving metadata for key: AWS::CloudFormation::Init||Infra-WriteApplication2||files..
[2020-05-04T19:01:34.891Z] DEBUG [2850]  : Retrieving metadata for key: AWS::ElasticBeanstalk::Ext||ManifestFileS3Key..
[2020-05-04T19:01:35.147Z] INFO  [2850]  : Finding latest manifest from bucket 'elasticbeanstalk-us-west-1-380939088281' with prefix 'resources/environments/e-naxps23d9r/_runtime/versions/manifest_'.
[2020-05-04T19:01:35.370Z] INFO  [2850]  : Found manifest with key 'resources/environments/e-naxps23d9r/_runtime/versions/manifest_1588618827661'.
[2020-05-04T19:01:35.384Z] INFO  [2850]  : Updated manifest cache: deployment ID 1 and serial 1.
[2020-05-04T19:01:35.384Z] DEBUG [2850]  : Loaded definition of Command CMD-PreInit.
[2020-05-04T19:01:35.384Z] INFO  [2850]  : Executing Initialization
[2020-05-04T19:01:35.384Z] INFO  [2850]  : Executing command: CMD-PreInit...
[2020-05-04T19:01:35.384Z] INFO  [2850]  : Executing command CMD-PreInit activities...
[2020-05-04T19:01:35.384Z] DEBUG [2850]  : Setting environment variables..
[2020-05-04T19:01:35.384Z] INFO  [2850]  : Running AddonsBefore for command CMD-PreInit...
[2020-05-04T19:01:37.660Z] DEBUG [2850]  : Running stages of Command CMD-PreInit from stage 0 to stage 0...
[2020-05-04T19:01:37.660Z] INFO  [2850]  : Running stage 0 of command CMD-PreInit...
[2020-05-04T19:01:37.660Z] DEBUG [2850]  : Loaded 2 actions for stage 0.
[2020-05-04T19:01:37.660Z] INFO  [2850]  : Running 1 of 2 actions: DownloadSourceBundle...
[2020-05-04T19:01:39.524Z] INFO  [2850]  : Running 2 of 2 actions: PreInitHook...
[2020-05-04T19:01:39.916Z] INFO  [2850]  : Running AddonsAfter for command CMD-PreInit...
[2020-05-04T19:01:39.916Z] INFO  [2850]  : Command CMD-PreInit succeeded!
[2020-05-04T19:01:39.916Z] INFO  [2850]  : Command processor returning results: 
{"status":"SUCCESS","api_version":"1.0","results":[{"status":"SUCCESS","msg":"","returncode":0,"events":[]}]}
******************* End of taillog *******************


[2020-05-04T19:01:40.543Z] Tailing /var/log/eb-activity.log

******************* eb-activity taillog *******************
  
  Installed:
    awslogs.noarch 0:1.1.4-1.12.amzn1                                             
  
  Dependency Installed:
    aws-cli-plugin-cloudwatch-logs.noarch 0:1.4.6-1.17.amzn1                      
  
  Complete!
  + cat
  ++ sed 's/.$//'
  ++ curl 169.254.169.254/latest/meta-data/placement/availability-zone
    % Total    % Received % Xferd  Average Speed   Time    Time     Time  Current
                                   Dload  Upload   Total   Spent    Left  Speed
    0     0    0     0    0     0      0      0 --:--:-- --:--:-- --:--:--     0100    10  100    10    0     0  10000      0 --:--:-- --:--:-- --:--:-- 10000
  + region=us-west-1
  + sed -i -e 's/region = .*/region = us-west-1/g' /etc/awslogs/awscli.conf
  + /opt/elasticbeanstalk/bin/log-conf -n awslogs -l/var/log/awslogs.log
[2020-05-04T19:01:37.660Z] INFO  [2850]  - [Initialization/AddonsBefore/InstallCWLAgent] : Completed activity. Result:
  Successfully execute hooks in directory /opt/elasticbeanstalk/addons/logstreaming/hooks/install.
[2020-05-04T19:01:37.660Z] INFO  [2850]  - [Initialization/AddonsBefore] : Completed activity.
[2020-05-04T19:01:37.660Z] INFO  [2850]  - [Initialization/PreInitStage0] : Starting activity...
[2020-05-04T19:01:37.660Z] INFO  [2850]  - [Initialization/PreInitStage0/DownloadSourceBundle] : Starting activity...
[2020-05-04T19:01:39.523Z] INFO  [2850]  - [Initialization/PreInitStage0/DownloadSourceBundle] : Completed activity. Result:
  [2020-05-04T19:01:37.765Z] INFO  [2917]  : Application version will be saved to /opt/elasticbeanstalk/deploy/appsource.
  [2020-05-04T19:01:37.766Z] INFO  [2917]  : Using manifest cache with deployment ID 1 and serial 1.
  [2020-05-04T19:01:37.766Z] INFO  [2917]  : Attempting to download application source bundle to: '/opt/elasticbeanstalk/deploy/appsource/source_bundle'.
  [2020-05-04T19:01:37.766Z] INFO  [2917]  : Using computed s3 key.
  [2020-05-04T19:01:37.888Z] INFO  [2917]  : Downloading from bucket 'elasticbeanstalk-us-west-1-380939088281' with key 'resources/environments/e-naxps23d9r/_runtime/_versions/Simply Shop Backend/simply shop backend-source' and version '' to '/opt/elasticbeanstalk/deploy/appsource/source_bundle'.
  [2020-05-04T19:01:37.968Z] INFO  [2917]  : Size: 129330703, ETag: "f4075de36aa53015c3ebd9fcfa4ad49d", Metadata: {"environmentid"=>"e-naxps23d9r", "requestid"=>"a976d9f9-6150-4350-9f8c-d672ba9a3621"}.
  [2020-05-04T19:01:39.504Z] INFO  [2917]  : Downloaded size: 129330703.
  [2020-05-04T19:01:39.504Z] INFO  [2917]  : Successfully downloaded to '/opt/elasticbeanstalk/deploy/appsource/source_bundle'.
[2020-05-04T19:01:39.524Z] INFO  [2850]  - [Initialization/PreInitStage0/PreInitHook] : Starting activity...
[2020-05-04T19:01:39.524Z] INFO  [2850]  - [Initialization/PreInitStage0/PreInitHook/01_install_dependencies.sh] : Starting activity...
[2020-05-04T19:01:39.618Z] INFO  [2850]  - [Initialization/PreInitStage0/PreInitHook/01_install_dependencies.sh] : Completed activity.
[2020-05-04T19:01:39.618Z] INFO  [2850]  - [Initialization/PreInitStage0/PreInitHook/01_install_procfile.sh] : Starting activity...
[2020-05-04T19:01:39.710Z] INFO  [2850]  - [Initialization/PreInitStage0/PreInitHook/01_install_procfile.sh] : Completed activity.
[2020-05-04T19:01:39.710Z] INFO  [2850]  - [Initialization/PreInitStage0/PreInitHook/01_install_proxy.sh] : Starting activity...
[2020-05-04T19:01:39.801Z] INFO  [2850]  - [Initialization/PreInitStage0/PreInitHook/01_install_proxy.sh] : Completed activity.
[2020-05-04T19:01:39.801Z] INFO  [2850]  - [Initialization/PreInitStage0/PreInitHook/01_install_xray_daemon.sh] : Starting activity...
[2020-05-04T19:01:39.915Z] INFO  [2850]  - [Initialization/PreInitStage0/PreInitHook/01_install_xray_daemon.sh] : Completed activity. Result:
  Executing: /bin/chown -R xray:xray /var/log/xray
  
[2020-05-04T19:01:39.915Z] INFO  [2850]  - [Initialization/PreInitStage0/PreInitHook] : Completed activity. Result:
  Successfully execute hooks in directory /opt/elasticbeanstalk/hooks/preinit.
[2020-05-04T19:01:39.916Z] INFO  [2850]  - [Initialization/PreInitStage0] : Completed activity. Result:
  Initialization - Command CMD-PreInit stage 0 completed
[2020-05-04T19:01:39.916Z] INFO  [2850]  - [Initialization/AddonsAfter] : Starting activity...
[2020-05-04T19:01:39.916Z] INFO  [2850]  - [Initialization/AddonsAfter] : Completed activity.
[2020-05-04T19:01:39.916Z] INFO  [2850]  - [Initialization] : Completed activity. Result:
  Initialization - Command CMD-PreInit succeeded
******************* End of taillog *******************


[2020-05-04T19:01:40.555Z] Tailing /var/log/eb-tools.log

******************* eb-tools taillog *******************
***eb-tools is not available yet.***
******************* End of taillog *******************


[2020-05-04T19:01:40.562Z] Tailing /var/log/eb-version-deployment.log

******************* eb-version-deployment taillog *******************
***eb-version-deployment is not available yet.***
******************* End of taillog *******************


[2020-05-04T19:01:40.568Z] Tailing /var/log/cfn-init.log

******************* cfn-init taillog *******************
2020-05-04 19:01:33,656 [INFO] -----------------------Starting build-----------------------
2020-05-04 19:01:33,663 [INFO] Running configSets: _OnInstanceBoot
2020-05-04 19:01:33,666 [INFO] Running configSet _OnInstanceBoot
2020-05-04 19:01:33,670 [INFO] Running config AWSEBBaseConfig
2020-05-04 19:01:33,676 [INFO] Command clearbackupfiles succeeded
2020-05-04 19:01:33,682 [INFO] Running config AWSEBMessageOfTheDay
2020-05-04 19:01:33,686 [INFO] Command 01clearoriginal succeeded
2020-05-04 19:01:33,690 [INFO] Command 02createbanner succeeded
2020-05-04 19:01:33,702 [INFO] Command 03updatebanner succeeded
2020-05-04 19:01:33,709 [INFO] Running config AWSEBULimitConfig
2020-05-04 19:01:33,713 [INFO] Command 00removebackup succeeded
2020-05-04 19:01:33,719 [INFO] Running config AWSEBCfnHupEndpointOverride
2020-05-04 19:01:33,723 [INFO] Command clearbackupfiles succeeded
2020-05-04 19:01:33,728 [INFO] Running config Infra-InstallContainerHooksPkg
2020-05-04 19:01:33,732 [INFO] Command 00mkdir succeeded
2020-05-04 19:01:33,797 [INFO] Command 01download_container_hooks succeeded
2020-05-04 19:01:33,804 [INFO] Command 02install_container_hooks succeeded
2020-05-04 19:01:33,808 [INFO] Command 03cleanup succeeded
2020-05-04 19:01:33,813 [INFO] Running config Infra-WriteLeaderTestScript
2020-05-04 19:01:33,818 [INFO] Running config Infra-WriteTailLogsConf
2020-05-04 19:01:33,823 [INFO] Running config Infra-WriteSystemTailLogsConf
2020-05-04 19:01:33,828 [INFO] Running config Infra-WriteBundleLogsConf
2020-05-04 19:01:33,833 [INFO] Running config Infra-WritePublishLogsConf
2020-05-04 19:01:33,837 [INFO] Running config Infra-WritePublishLogsCron
2020-05-04 19:01:33,839 [INFO] ConfigSets completed
2020-05-04 19:01:33,839 [INFO] -----------------------Build complete-----------------------
******************* End of taillog *******************


[2020-05-04T19:01:40.581Z] Tailing /var/log/cfn-hup.log

******************* cfn-hup taillog *******************
2020-05-04 19:01:35,080 [DEBUG] CloudFormation client initialized with endpoint https://cloudformation.us-west-1.amazonaws.com
2020-05-04 19:01:35,080 [DEBUG] SQS client initialized with endpoint https://sqs.us-west-1.amazonaws.com
2020-05-04 19:01:35,080 [DEBUG] CloudFormation client initialized with endpoint https://cloudformation.us-west-1.amazonaws.com
2020-05-04 19:01:35,080 [DEBUG] Enabled single threading mode.
2020-05-04 19:01:35,080 [DEBUG] Creating /var/lib/cfn-hup/data
2020-05-04 19:01:35,087 [INFO] No umask value specified in config file. Using the default one: 022
2020-05-04 19:01:35,108 [DEBUG] Registering listener i-0c986df196ab10e0d for stack arn:aws:cloudformation:us-west-1:380939088281:stack/awseb-e-naxps23d9r-stack/84e19dc0-8e39-11ea-95a4-02476ee9004b
2020-05-04 19:01:35,528 [INFO] Refreshing listener credentials
2020-05-04 19:01:35,529 [DEBUG] Get listener credentials for listener i-0c986df196ab10e0d in stack arn:aws:cloudformation:us-west-1:380939088281:stack/awseb-e-naxps23d9r-stack/84e19dc0-8e39-11ea-95a4-02476ee9004b
2020-05-04 19:01:35,743 [INFO] Scheduling next credential refresh in 7200 seconds
2020-05-04 19:01:35,744 [DEBUG] Receiving messages for queue https://sqs.us-west-1.amazonaws.com/091911265733/1909835d9d723fa4d97115f742fba710bcac734a3e253c02da770d59e0085454
******************* End of taillog *******************


[2020-05-04T19:01:40.588Z] Completed EB Bootstrapping Script.
+ exit 0
 4 May 19:01:42 ntpdate[2691]: adjust time server 216.232.132.31 offset 0.427583 sec
Starting ntpd: [  OK  ]
